{
  "stats": {
    "suites": 24,
    "tests": 112,
    "passes": 112,
    "pending": 0,
    "failures": 0,
    "start": "2020-01-22T06:23:30.034Z",
    "end": "2020-01-22T06:23:30.345Z",
    "duration": 311,
    "testsRegistered": 112,
    "passPercent": 100,
    "pendingPercent": 0,
    "other": 0,
    "hasOther": false,
    "skipped": 0,
    "hasSkipped": false
  },
  "results": [
    {
      "uuid": "5d9e7d8b-6244-49d8-9890-d87733c469fa",
      "title": "",
      "fullFile": "",
      "file": "",
      "beforeHooks": [
        {
          "title": "\"before each\" hook",
          "fullTitle": "\"before each\" hook",
          "timedOut": false,
          "duration": 0,
          "state": null,
          "speed": null,
          "pass": false,
          "fail": false,
          "pending": false,
          "context": null,
          "code": "contextGetVariableMethod = sinon.stub(context, 'getVariable');\ncontextSetVariableMethod = sinon.stub(context, 'setVariable').callsFake(\n        function(a, b) {\n            contextVars[a] = b;}\n         );",
          "err": {},
          "uuid": "527eea53-dbce-4f7f-9438-624fe69a77f3",
          "parentUUID": "5d9e7d8b-6244-49d8-9890-d87733c469fa",
          "isHook": true,
          "skipped": false
        }
      ],
      "afterHooks": [
        {
          "title": "\"after each\" hook",
          "fullTitle": "\"after each\" hook",
          "timedOut": false,
          "duration": 0,
          "state": null,
          "speed": null,
          "pass": false,
          "fail": false,
          "pending": false,
          "context": null,
          "code": "contextGetVariableMethod.restore();\ncontextSetVariableMethod.restore();",
          "err": {},
          "uuid": "ade6853f-d2ff-40a0-a07c-852195609f2e",
          "parentUUID": "5d9e7d8b-6244-49d8-9890-d87733c469fa",
          "isHook": true,
          "skipped": false
        }
      ],
      "tests": [],
      "suites": [
        {
          "uuid": "4955e79c-9aca-4c98-96d3-5e06c80d60cd",
          "title": "Request Maping Test Cases ",
          "fullFile": "X:\\Testing\\CancelPayout_UnitTest\\TestCases\\test.js",
          "file": "\\test.js",
          "beforeHooks": [],
          "afterHooks": [],
          "tests": [],
          "suites": [
            {
              "uuid": "5717d8ce-521c-4d11-bec2-f41825b8d976",
              "title": "Checking the Request CSV - Row No :-1",
              "fullFile": "X:\\Testing\\CancelPayout_UnitTest\\TestCases\\test.js",
              "file": "\\test.js",
              "beforeHooks": [
                {
                  "title": "\"before all\" hook",
                  "fullTitle": "Request Maping Test Cases  Checking the Request CSV - Row No :-1 \"before all\" hook",
                  "timedOut": false,
                  "duration": 0,
                  "state": null,
                  "speed": null,
                  "pass": false,
                  "fail": false,
                  "pending": false,
                  "context": null,
                  "code": "//set the payload\n  requestContent.request_body.payload=data;",
                  "err": {},
                  "uuid": "39b65e7e-0187-4a8f-a80c-84874765a29a",
                  "parentUUID": "5717d8ce-521c-4d11-bec2-f41825b8d976",
                  "isHook": true,
                  "skipped": false
                }
              ],
              "afterHooks": [],
              "tests": [
                {
                  "title": "Checking ( paymentTrackingId ) field to ns20:epTransactionID",
                  "fullTitle": "Request Maping Test Cases  Checking the Request CSV - Row No :-1 Checking ( paymentTrackingId ) field to ns20:epTransactionID",
                  "timedOut": false,
                  "duration": 4,
                  "state": "passed",
                  "speed": "fast",
                  "pass": true,
                  "fail": false,
                  "pending": false,
                  "context": null,
                  "code": "contextGetVariableMethod.withArgs(\"request.content\").returns(JSON.stringify(requestContent.request_body));\nloadJS(requestMapping);\nvar latestRequest =JSON.parse(contextVars[\"request.content\"]);\nexpect(latestRequest[\"parameters\"][\"ns20:cancellationRequest\"][\"ns20:epTransactionID\"]).to.equal(requestContent.request_body.transactionDetail.paymentTrackingId);\ndone();",
                  "err": {},
                  "uuid": "06b08856-0230-4531-abd3-a38d40a482ad",
                  "parentUUID": "5717d8ce-521c-4d11-bec2-f41825b8d976",
                  "isHook": false,
                  "skipped": false
                },
                {
                  "title": "Checking ns20:epTransactionID is not null",
                  "fullTitle": "Request Maping Test Cases  Checking the Request CSV - Row No :-1 Checking ns20:epTransactionID is not null",
                  "timedOut": false,
                  "duration": 0,
                  "state": "passed",
                  "speed": "fast",
                  "pass": true,
                  "fail": false,
                  "pending": false,
                  "context": null,
                  "code": "contextGetVariableMethod.withArgs(\"request.content\").returns(JSON.stringify(requestContent.request_body));\nloadJS(requestMapping);\nvar latestRequest =JSON.parse(contextVars[\"request.content\"]);\nexpect(latestRequest[\"parameters\"][\"ns20:cancellationRequest\"][\"ns20:epTransactionID\"]).to.not.equal('');\ndone();",
                  "err": {},
                  "uuid": "12807d3b-0977-4ee3-b937-c529d23619d9",
                  "parentUUID": "5717d8ce-521c-4d11-bec2-f41825b8d976",
                  "isHook": false,
                  "skipped": false
                }
              ],
              "suites": [],
              "passes": [
                "06b08856-0230-4531-abd3-a38d40a482ad",
                "12807d3b-0977-4ee3-b937-c529d23619d9"
              ],
              "failures": [],
              "pending": [],
              "skipped": [],
              "duration": 4,
              "root": false,
              "rootEmpty": false,
              "_timeout": 2000
            },
            {
              "uuid": "343e2ab6-9092-4848-a334-eb89df4bc18b",
              "title": "Checking the Request CSV - Row No :-2",
              "fullFile": "X:\\Testing\\CancelPayout_UnitTest\\TestCases\\test.js",
              "file": "\\test.js",
              "beforeHooks": [
                {
                  "title": "\"before all\" hook",
                  "fullTitle": "Request Maping Test Cases  Checking the Request CSV - Row No :-2 \"before all\" hook",
                  "timedOut": false,
                  "duration": 0,
                  "state": null,
                  "speed": null,
                  "pass": false,
                  "fail": false,
                  "pending": false,
                  "context": null,
                  "code": "//set the payload\n  requestContent.request_body.payload=data;",
                  "err": {},
                  "uuid": "62cee81f-fd1e-4ef9-be28-f9b3d5d1399e",
                  "parentUUID": "343e2ab6-9092-4848-a334-eb89df4bc18b",
                  "isHook": true,
                  "skipped": false
                }
              ],
              "afterHooks": [],
              "tests": [
                {
                  "title": "Checking ( paymentTrackingId ) field to ns20:epTransactionID",
                  "fullTitle": "Request Maping Test Cases  Checking the Request CSV - Row No :-2 Checking ( paymentTrackingId ) field to ns20:epTransactionID",
                  "timedOut": false,
                  "duration": 2,
                  "state": "passed",
                  "speed": "fast",
                  "pass": true,
                  "fail": false,
                  "pending": false,
                  "context": null,
                  "code": "contextGetVariableMethod.withArgs(\"request.content\").returns(JSON.stringify(requestContent.request_body));\nloadJS(requestMapping);\nvar latestRequest =JSON.parse(contextVars[\"request.content\"]);\nexpect(latestRequest[\"parameters\"][\"ns20:cancellationRequest\"][\"ns20:epTransactionID\"]).to.equal(requestContent.request_body.transactionDetail.paymentTrackingId);\ndone();",
                  "err": {},
                  "uuid": "adbb2586-c7c9-420d-95f0-2ee7c50e8068",
                  "parentUUID": "343e2ab6-9092-4848-a334-eb89df4bc18b",
                  "isHook": false,
                  "skipped": false
                },
                {
                  "title": "Checking ns20:epTransactionID is not null",
                  "fullTitle": "Request Maping Test Cases  Checking the Request CSV - Row No :-2 Checking ns20:epTransactionID is not null",
                  "timedOut": false,
                  "duration": 1,
                  "state": "passed",
                  "speed": "fast",
                  "pass": true,
                  "fail": false,
                  "pending": false,
                  "context": null,
                  "code": "contextGetVariableMethod.withArgs(\"request.content\").returns(JSON.stringify(requestContent.request_body));\nloadJS(requestMapping);\nvar latestRequest =JSON.parse(contextVars[\"request.content\"]);\nexpect(latestRequest[\"parameters\"][\"ns20:cancellationRequest\"][\"ns20:epTransactionID\"]).to.not.equal('');\ndone();",
                  "err": {},
                  "uuid": "d9fea7a1-9b5c-4961-b124-571e9ae1094d",
                  "parentUUID": "343e2ab6-9092-4848-a334-eb89df4bc18b",
                  "isHook": false,
                  "skipped": false
                }
              ],
              "suites": [],
              "passes": [
                "adbb2586-c7c9-420d-95f0-2ee7c50e8068",
                "d9fea7a1-9b5c-4961-b124-571e9ae1094d"
              ],
              "failures": [],
              "pending": [],
              "skipped": [],
              "duration": 3,
              "root": false,
              "rootEmpty": false,
              "_timeout": 2000
            }
          ],
          "passes": [],
          "failures": [],
          "pending": [],
          "skipped": [],
          "duration": 0,
          "root": false,
          "rootEmpty": false,
          "_timeout": 2000
        },
        {
          "uuid": "fd1c8578-a0a7-4077-a2f1-e340fe7c45fa",
          "title": "Response Maping of Status= Cancelled ( Test Cases ) - ",
          "fullFile": "X:\\Testing\\CancelPayout_UnitTest\\TestCases\\test.js",
          "file": "\\test.js",
          "beforeHooks": [],
          "afterHooks": [],
          "tests": [],
          "suites": [
            {
              "uuid": "b75dd277-65e2-4d67-ab09-af6b11f0ad21",
              "title": "Checking Cancelled_Response_CSV - Row No :- 1",
              "fullFile": "X:\\Testing\\CancelPayout_UnitTest\\TestCases\\test.js",
              "file": "\\test.js",
              "beforeHooks": [
                {
                  "title": "\"before all\" hook",
                  "fullTitle": "Response Maping of Status= Cancelled ( Test Cases ) -  Checking Cancelled_Response_CSV - Row No :- 1 \"before all\" hook",
                  "timedOut": false,
                  "duration": 0,
                  "state": null,
                  "speed": null,
                  "pass": false,
                  "fail": false,
                  "pending": false,
                  "context": null,
                  "code": "//set the request payload\n  requestContent.request_body.payload=CancelRequest_JsonData[i];\n//set the response payload\n  responseContent.responseSuccessCancelled.payload=data;",
                  "err": {},
                  "uuid": "3b842a3b-42b5-4138-9aee-52b8c0c585a5",
                  "parentUUID": "b75dd277-65e2-4d67-ab09-af6b11f0ad21",
                  "isHook": true,
                  "skipped": false
                }
              ],
              "afterHooks": [],
              "tests": [
                {
                  "title": "Checking originatorDetail.acquiringBIN field ",
                  "fullTitle": "Response Maping of Status= Cancelled ( Test Cases ) -  Checking Cancelled_Response_CSV - Row No :- 1 Checking originatorDetail.acquiringBIN field ",
                  "timedOut": false,
                  "duration": 2,
                  "state": "passed",
                  "speed": "fast",
                  "pass": true,
                  "fail": false,
                  "pending": false,
                  "context": null,
                  "code": "contextGetVariableMethod.withArgs(\"originalRequest\").returns(JSON.stringify(requestContent.request_body));\ncontextGetVariableMethod.withArgs(\"response.content\").returns(JSON.stringify(responseContent.responseSuccessCancelled));\nloadJS(responseMapping);\nvar latestRequest =JSON.parse(contextVars[\"response.content\"]);\nexpect(latestRequest[\"originatorDetail\"][\"acquiringBIN\"]).to.equal(requestContent.request_body.originatorDetail.acquiringBIN);\ndone();",
                  "err": {},
                  "uuid": "d00c9838-986c-4971-b227-6f546708dc12",
                  "parentUUID": "b75dd277-65e2-4d67-ab09-af6b11f0ad21",
                  "isHook": false,
                  "skipped": false
                },
                {
                  "title": "Checking originatorDetail.merchantId field ",
                  "fullTitle": "Response Maping of Status= Cancelled ( Test Cases ) -  Checking Cancelled_Response_CSV - Row No :- 1 Checking originatorDetail.merchantId field ",
                  "timedOut": false,
                  "duration": 1,
                  "state": "passed",
                  "speed": "fast",
                  "pass": true,
                  "fail": false,
                  "pending": false,
                  "context": null,
                  "code": "contextGetVariableMethod.withArgs(\"originalRequest\").returns(JSON.stringify(requestContent.request_body));\ncontextGetVariableMethod.withArgs(\"response.content\").returns(JSON.stringify(responseContent.responseSuccessCancelled));\nloadJS(responseMapping);\nvar latestRequest =JSON.parse(contextVars[\"response.content\"]);\nexpect(latestRequest[\"originatorDetail\"][\"merchantId\"]).to.equal(requestContent.request_body.originatorDetail.merchantId);\ndone();",
                  "err": {},
                  "uuid": "82473eb1-a9b3-48e8-9aec-cc12fe74efef",
                  "parentUUID": "b75dd277-65e2-4d67-ab09-af6b11f0ad21",
                  "isHook": false,
                  "skipped": false
                },
                {
                  "title": "Checking transactionDetail.retrievalReferenceNumber field ",
                  "fullTitle": "Response Maping of Status= Cancelled ( Test Cases ) -  Checking Cancelled_Response_CSV - Row No :- 1 Checking transactionDetail.retrievalReferenceNumber field ",
                  "timedOut": false,
                  "duration": 2,
                  "state": "passed",
                  "speed": "fast",
                  "pass": true,
                  "fail": false,
                  "pending": false,
                  "context": null,
                  "code": "contextGetVariableMethod.withArgs(\"originalRequest\").returns(JSON.stringify(requestContent.request_body));\ncontextGetVariableMethod.withArgs(\"response.content\").returns(JSON.stringify(responseContent.responseSuccessCancelled));\nloadJS(responseMapping);\nvar latestRequest =JSON.parse(contextVars[\"response.content\"]);\nexpect(latestRequest[\"transactionDetail\"][\"retrievalReferenceNumber\"]).to.equal(requestContent.request_body.transactionDetail.retrievalReferenceNumber);\ndone();",
                  "err": {},
                  "uuid": "e9439d92-34dc-4c76-a7c3-a675de0ca100",
                  "parentUUID": "b75dd277-65e2-4d67-ab09-af6b11f0ad21",
                  "isHook": false,
                  "skipped": false
                },
                {
                  "title": "Checking transactionDetail.systemTraceAuditNumber field ",
                  "fullTitle": "Response Maping of Status= Cancelled ( Test Cases ) -  Checking Cancelled_Response_CSV - Row No :- 1 Checking transactionDetail.systemTraceAuditNumber field ",
                  "timedOut": false,
                  "duration": 1,
                  "state": "passed",
                  "speed": "fast",
                  "pass": true,
                  "fail": false,
                  "pending": false,
                  "context": null,
                  "code": "contextGetVariableMethod.withArgs(\"originalRequest\").returns(JSON.stringify(requestContent.request_body));\ncontextGetVariableMethod.withArgs(\"response.content\").returns(JSON.stringify(responseContent.responseSuccessCancelled));\nloadJS(responseMapping);\nvar latestRequest =JSON.parse(contextVars[\"response.content\"]);\nexpect(latestRequest[\"transactionDetail\"][\"systemTraceAuditNumber\"]).to.equal(requestContent.request_body.transactionDetail.systemTraceAuditNumber);\ndone();",
                  "err": {},
                  "uuid": "d15f1bcf-fed5-4b60-ab57-5164cd0b83ab",
                  "parentUUID": "b75dd277-65e2-4d67-ab09-af6b11f0ad21",
                  "isHook": false,
                  "skipped": false
                },
                {
                  "title": "Checking transactionDetail.transmissionDateTime field ",
                  "fullTitle": "Response Maping of Status= Cancelled ( Test Cases ) -  Checking Cancelled_Response_CSV - Row No :- 1 Checking transactionDetail.transmissionDateTime field ",
                  "timedOut": false,
                  "duration": 2,
                  "state": "passed",
                  "speed": "fast",
                  "pass": true,
                  "fail": false,
                  "pending": false,
                  "context": null,
                  "code": "contextGetVariableMethod.withArgs(\"originalRequest\").returns(JSON.stringify(requestContent.request_body));\ncontextGetVariableMethod.withArgs(\"response.content\").returns(JSON.stringify(responseContent.responseSuccessCancelled));\nloadJS(responseMapping);\nvar latestRequest =JSON.parse(contextVars[\"response.content\"]);\nexpect(latestRequest[\"transactionDetail\"][\"transmissionDateTime\"]).to.equal(requestContent.request_body.transactionDetail.transmissionDateTime);\ndone();",
                  "err": {},
                  "uuid": "6880b23b-3cc1-4785-846d-7b185ff6ce64",
                  "parentUUID": "b75dd277-65e2-4d67-ab09-af6b11f0ad21",
                  "isHook": false,
                  "skipped": false
                },
                {
                  "title": "Checking transactionDetail.paymentTrackingId field ",
                  "fullTitle": "Response Maping of Status= Cancelled ( Test Cases ) -  Checking Cancelled_Response_CSV - Row No :- 1 Checking transactionDetail.paymentTrackingId field ",
                  "timedOut": false,
                  "duration": 2,
                  "state": "passed",
                  "speed": "fast",
                  "pass": true,
                  "fail": false,
                  "pending": false,
                  "context": null,
                  "code": "contextGetVariableMethod.withArgs(\"originalRequest\").returns(JSON.stringify(requestContent.request_body));\ncontextGetVariableMethod.withArgs(\"response.content\").returns(JSON.stringify(responseContent.responseSuccessCancelled));\nloadJS(responseMapping);\nvar latestRequest =JSON.parse(contextVars[\"response.content\"]);\nexpect(latestRequest[\"transactionDetail\"][\"paymentTrackingId\"]).to.equal(requestContent.request_body.transactionDetail.paymentTrackingId);\ndone();",
                  "err": {},
                  "uuid": "b5e3734d-e723-4170-b985-fdfc5812efa6",
                  "parentUUID": "b75dd277-65e2-4d67-ab09-af6b11f0ad21",
                  "isHook": false,
                  "skipped": false
                },
                {
                  "title": "Checking transactionDetail.status field ",
                  "fullTitle": "Response Maping of Status= Cancelled ( Test Cases ) -  Checking Cancelled_Response_CSV - Row No :- 1 Checking transactionDetail.status field ",
                  "timedOut": false,
                  "duration": 1,
                  "state": "passed",
                  "speed": "fast",
                  "pass": true,
                  "fail": false,
                  "pending": false,
                  "context": null,
                  "code": "contextGetVariableMethod.withArgs(\"originalRequest\").returns(JSON.stringify(requestContent.request_body));\ncontextGetVariableMethod.withArgs(\"response.content\").returns(JSON.stringify(responseContent.responseSuccessCancelled));\nloadJS(responseMapping);\nvar latestRequest =JSON.parse(contextVars[\"response.content\"]);\nexpect(latestRequest[\"transactionDetail\"][\"status\"]).to.equal(\"Cancelled\");\ndone();",
                  "err": {},
                  "uuid": "b0fec57a-e095-41cf-bd31-b6f5d130434d",
                  "parentUUID": "b75dd277-65e2-4d67-ab09-af6b11f0ad21",
                  "isHook": false,
                  "skipped": false
                }
              ],
              "suites": [],
              "passes": [
                "d00c9838-986c-4971-b227-6f546708dc12",
                "82473eb1-a9b3-48e8-9aec-cc12fe74efef",
                "e9439d92-34dc-4c76-a7c3-a675de0ca100",
                "d15f1bcf-fed5-4b60-ab57-5164cd0b83ab",
                "6880b23b-3cc1-4785-846d-7b185ff6ce64",
                "b5e3734d-e723-4170-b985-fdfc5812efa6",
                "b0fec57a-e095-41cf-bd31-b6f5d130434d"
              ],
              "failures": [],
              "pending": [],
              "skipped": [],
              "duration": 11,
              "root": false,
              "rootEmpty": false,
              "_timeout": 2000
            },
            {
              "uuid": "c34e4d65-03a8-4b36-83cd-13407b84226d",
              "title": "Checking Cancelled_Response_CSV - Row No :- 2",
              "fullFile": "X:\\Testing\\CancelPayout_UnitTest\\TestCases\\test.js",
              "file": "\\test.js",
              "beforeHooks": [
                {
                  "title": "\"before all\" hook",
                  "fullTitle": "Response Maping of Status= Cancelled ( Test Cases ) -  Checking Cancelled_Response_CSV - Row No :- 2 \"before all\" hook",
                  "timedOut": false,
                  "duration": 0,
                  "state": null,
                  "speed": null,
                  "pass": false,
                  "fail": false,
                  "pending": false,
                  "context": null,
                  "code": "//set the request payload\n  requestContent.request_body.payload=CancelRequest_JsonData[i];\n//set the response payload\n  responseContent.responseSuccessCancelled.payload=data;",
                  "err": {},
                  "uuid": "0d6f800c-13bf-424b-acfd-feb4255620b3",
                  "parentUUID": "c34e4d65-03a8-4b36-83cd-13407b84226d",
                  "isHook": true,
                  "skipped": false
                }
              ],
              "afterHooks": [],
              "tests": [
                {
                  "title": "Checking originatorDetail.acquiringBIN field ",
                  "fullTitle": "Response Maping of Status= Cancelled ( Test Cases ) -  Checking Cancelled_Response_CSV - Row No :- 2 Checking originatorDetail.acquiringBIN field ",
                  "timedOut": false,
                  "duration": 1,
                  "state": "passed",
                  "speed": "fast",
                  "pass": true,
                  "fail": false,
                  "pending": false,
                  "context": null,
                  "code": "contextGetVariableMethod.withArgs(\"originalRequest\").returns(JSON.stringify(requestContent.request_body));\ncontextGetVariableMethod.withArgs(\"response.content\").returns(JSON.stringify(responseContent.responseSuccessCancelled));\nloadJS(responseMapping);\nvar latestRequest =JSON.parse(contextVars[\"response.content\"]);\nexpect(latestRequest[\"originatorDetail\"][\"acquiringBIN\"]).to.equal(requestContent.request_body.originatorDetail.acquiringBIN);\ndone();",
                  "err": {},
                  "uuid": "a5bda8a4-a4a0-4740-805b-db09165a2aab",
                  "parentUUID": "c34e4d65-03a8-4b36-83cd-13407b84226d",
                  "isHook": false,
                  "skipped": false
                },
                {
                  "title": "Checking originatorDetail.merchantId field ",
                  "fullTitle": "Response Maping of Status= Cancelled ( Test Cases ) -  Checking Cancelled_Response_CSV - Row No :- 2 Checking originatorDetail.merchantId field ",
                  "timedOut": false,
                  "duration": 1,
                  "state": "passed",
                  "speed": "fast",
                  "pass": true,
                  "fail": false,
                  "pending": false,
                  "context": null,
                  "code": "contextGetVariableMethod.withArgs(\"originalRequest\").returns(JSON.stringify(requestContent.request_body));\ncontextGetVariableMethod.withArgs(\"response.content\").returns(JSON.stringify(responseContent.responseSuccessCancelled));\nloadJS(responseMapping);\nvar latestRequest =JSON.parse(contextVars[\"response.content\"]);\nexpect(latestRequest[\"originatorDetail\"][\"merchantId\"]).to.equal(requestContent.request_body.originatorDetail.merchantId);\ndone();",
                  "err": {},
                  "uuid": "5b862e39-17b1-4962-99ce-ad19a53ca220",
                  "parentUUID": "c34e4d65-03a8-4b36-83cd-13407b84226d",
                  "isHook": false,
                  "skipped": false
                },
                {
                  "title": "Checking transactionDetail.retrievalReferenceNumber field ",
                  "fullTitle": "Response Maping of Status= Cancelled ( Test Cases ) -  Checking Cancelled_Response_CSV - Row No :- 2 Checking transactionDetail.retrievalReferenceNumber field ",
                  "timedOut": false,
                  "duration": 2,
                  "state": "passed",
                  "speed": "fast",
                  "pass": true,
                  "fail": false,
                  "pending": false,
                  "context": null,
                  "code": "contextGetVariableMethod.withArgs(\"originalRequest\").returns(JSON.stringify(requestContent.request_body));\ncontextGetVariableMethod.withArgs(\"response.content\").returns(JSON.stringify(responseContent.responseSuccessCancelled));\nloadJS(responseMapping);\nvar latestRequest =JSON.parse(contextVars[\"response.content\"]);\nexpect(latestRequest[\"transactionDetail\"][\"retrievalReferenceNumber\"]).to.equal(requestContent.request_body.transactionDetail.retrievalReferenceNumber);\ndone();",
                  "err": {},
                  "uuid": "be3b17d4-71b0-44eb-b63f-dcd15b7c7f63",
                  "parentUUID": "c34e4d65-03a8-4b36-83cd-13407b84226d",
                  "isHook": false,
                  "skipped": false
                },
                {
                  "title": "Checking transactionDetail.systemTraceAuditNumber field ",
                  "fullTitle": "Response Maping of Status= Cancelled ( Test Cases ) -  Checking Cancelled_Response_CSV - Row No :- 2 Checking transactionDetail.systemTraceAuditNumber field ",
                  "timedOut": false,
                  "duration": 1,
                  "state": "passed",
                  "speed": "fast",
                  "pass": true,
                  "fail": false,
                  "pending": false,
                  "context": null,
                  "code": "contextGetVariableMethod.withArgs(\"originalRequest\").returns(JSON.stringify(requestContent.request_body));\ncontextGetVariableMethod.withArgs(\"response.content\").returns(JSON.stringify(responseContent.responseSuccessCancelled));\nloadJS(responseMapping);\nvar latestRequest =JSON.parse(contextVars[\"response.content\"]);\nexpect(latestRequest[\"transactionDetail\"][\"systemTraceAuditNumber\"]).to.equal(requestContent.request_body.transactionDetail.systemTraceAuditNumber);\ndone();",
                  "err": {},
                  "uuid": "c0786f2c-1b4c-433a-a9d6-b9000c16b43d",
                  "parentUUID": "c34e4d65-03a8-4b36-83cd-13407b84226d",
                  "isHook": false,
                  "skipped": false
                },
                {
                  "title": "Checking transactionDetail.transmissionDateTime field ",
                  "fullTitle": "Response Maping of Status= Cancelled ( Test Cases ) -  Checking Cancelled_Response_CSV - Row No :- 2 Checking transactionDetail.transmissionDateTime field ",
                  "timedOut": false,
                  "duration": 1,
                  "state": "passed",
                  "speed": "fast",
                  "pass": true,
                  "fail": false,
                  "pending": false,
                  "context": null,
                  "code": "contextGetVariableMethod.withArgs(\"originalRequest\").returns(JSON.stringify(requestContent.request_body));\ncontextGetVariableMethod.withArgs(\"response.content\").returns(JSON.stringify(responseContent.responseSuccessCancelled));\nloadJS(responseMapping);\nvar latestRequest =JSON.parse(contextVars[\"response.content\"]);\nexpect(latestRequest[\"transactionDetail\"][\"transmissionDateTime\"]).to.equal(requestContent.request_body.transactionDetail.transmissionDateTime);\ndone();",
                  "err": {},
                  "uuid": "0f561bc3-35e8-4f2f-b5b3-1992fe1eb5c4",
                  "parentUUID": "c34e4d65-03a8-4b36-83cd-13407b84226d",
                  "isHook": false,
                  "skipped": false
                },
                {
                  "title": "Checking transactionDetail.paymentTrackingId field ",
                  "fullTitle": "Response Maping of Status= Cancelled ( Test Cases ) -  Checking Cancelled_Response_CSV - Row No :- 2 Checking transactionDetail.paymentTrackingId field ",
                  "timedOut": false,
                  "duration": 1,
                  "state": "passed",
                  "speed": "fast",
                  "pass": true,
                  "fail": false,
                  "pending": false,
                  "context": null,
                  "code": "contextGetVariableMethod.withArgs(\"originalRequest\").returns(JSON.stringify(requestContent.request_body));\ncontextGetVariableMethod.withArgs(\"response.content\").returns(JSON.stringify(responseContent.responseSuccessCancelled));\nloadJS(responseMapping);\nvar latestRequest =JSON.parse(contextVars[\"response.content\"]);\nexpect(latestRequest[\"transactionDetail\"][\"paymentTrackingId\"]).to.equal(requestContent.request_body.transactionDetail.paymentTrackingId);\ndone();",
                  "err": {},
                  "uuid": "e64c6154-689d-401f-9d18-1066d7a6db44",
                  "parentUUID": "c34e4d65-03a8-4b36-83cd-13407b84226d",
                  "isHook": false,
                  "skipped": false
                },
                {
                  "title": "Checking transactionDetail.status field ",
                  "fullTitle": "Response Maping of Status= Cancelled ( Test Cases ) -  Checking Cancelled_Response_CSV - Row No :- 2 Checking transactionDetail.status field ",
                  "timedOut": false,
                  "duration": 1,
                  "state": "passed",
                  "speed": "fast",
                  "pass": true,
                  "fail": false,
                  "pending": false,
                  "context": null,
                  "code": "contextGetVariableMethod.withArgs(\"originalRequest\").returns(JSON.stringify(requestContent.request_body));\ncontextGetVariableMethod.withArgs(\"response.content\").returns(JSON.stringify(responseContent.responseSuccessCancelled));\nloadJS(responseMapping);\nvar latestRequest =JSON.parse(contextVars[\"response.content\"]);\nexpect(latestRequest[\"transactionDetail\"][\"status\"]).to.equal(\"Cancelled\");\ndone();",
                  "err": {},
                  "uuid": "d907f286-b7a2-48d7-9ebf-cba8ac4cb279",
                  "parentUUID": "c34e4d65-03a8-4b36-83cd-13407b84226d",
                  "isHook": false,
                  "skipped": false
                }
              ],
              "suites": [],
              "passes": [
                "a5bda8a4-a4a0-4740-805b-db09165a2aab",
                "5b862e39-17b1-4962-99ce-ad19a53ca220",
                "be3b17d4-71b0-44eb-b63f-dcd15b7c7f63",
                "c0786f2c-1b4c-433a-a9d6-b9000c16b43d",
                "0f561bc3-35e8-4f2f-b5b3-1992fe1eb5c4",
                "e64c6154-689d-401f-9d18-1066d7a6db44",
                "d907f286-b7a2-48d7-9ebf-cba8ac4cb279"
              ],
              "failures": [],
              "pending": [],
              "skipped": [],
              "duration": 8,
              "root": false,
              "rootEmpty": false,
              "_timeout": 2000
            }
          ],
          "passes": [],
          "failures": [],
          "pending": [],
          "skipped": [],
          "duration": 0,
          "root": false,
          "rootEmpty": false,
          "_timeout": 2000
        },
        {
          "uuid": "965280f0-b419-4a25-978d-07ad339bee09",
          "title": "Response Maping of Status= PendingCancellation ( Test Cases ) - ",
          "fullFile": "X:\\Testing\\CancelPayout_UnitTest\\TestCases\\test.js",
          "file": "\\test.js",
          "beforeHooks": [],
          "afterHooks": [],
          "tests": [],
          "suites": [
            {
              "uuid": "d1709646-2032-4cc3-bfed-b370cba46f33",
              "title": "Checking PendingCancellation_Response_CSV - Row No :- 1",
              "fullFile": "X:\\Testing\\CancelPayout_UnitTest\\TestCases\\test.js",
              "file": "\\test.js",
              "beforeHooks": [
                {
                  "title": "\"before all\" hook",
                  "fullTitle": "Response Maping of Status= PendingCancellation ( Test Cases ) -  Checking PendingCancellation_Response_CSV - Row No :- 1 \"before all\" hook",
                  "timedOut": false,
                  "duration": 0,
                  "state": null,
                  "speed": null,
                  "pass": false,
                  "fail": false,
                  "pending": false,
                  "context": null,
                  "code": "//set the request payload\n  requestContent.request_body.payload=CancelRequest_JsonData[i];\n//set the response payload\n  responseContent.responsePendingCancellation.payload=data;",
                  "err": {},
                  "uuid": "dcd3452f-2568-4fe6-b2ce-3922b4b0f450",
                  "parentUUID": "d1709646-2032-4cc3-bfed-b370cba46f33",
                  "isHook": true,
                  "skipped": false
                }
              ],
              "afterHooks": [],
              "tests": [
                {
                  "title": "Checking originatorDetail.acquiringBIN field ",
                  "fullTitle": "Response Maping of Status= PendingCancellation ( Test Cases ) -  Checking PendingCancellation_Response_CSV - Row No :- 1 Checking originatorDetail.acquiringBIN field ",
                  "timedOut": false,
                  "duration": 1,
                  "state": "passed",
                  "speed": "fast",
                  "pass": true,
                  "fail": false,
                  "pending": false,
                  "context": null,
                  "code": "contextGetVariableMethod.withArgs(\"originalRequest\").returns(JSON.stringify(requestContent.request_body));\ncontextGetVariableMethod.withArgs(\"response.content\").returns(JSON.stringify(responseContent.responsePendingCancellation));\nloadJS(responseMapping);\nvar latestRequest =JSON.parse(contextVars[\"response.content\"]);\nexpect(latestRequest[\"originatorDetail\"][\"acquiringBIN\"]).to.equal(requestContent.request_body.originatorDetail.acquiringBIN);\ndone();",
                  "err": {},
                  "uuid": "8372ad71-92d8-445b-867c-ff122ae409eb",
                  "parentUUID": "d1709646-2032-4cc3-bfed-b370cba46f33",
                  "isHook": false,
                  "skipped": false
                },
                {
                  "title": "Checking originatorDetail.merchantId field ",
                  "fullTitle": "Response Maping of Status= PendingCancellation ( Test Cases ) -  Checking PendingCancellation_Response_CSV - Row No :- 1 Checking originatorDetail.merchantId field ",
                  "timedOut": false,
                  "duration": 2,
                  "state": "passed",
                  "speed": "fast",
                  "pass": true,
                  "fail": false,
                  "pending": false,
                  "context": null,
                  "code": "contextGetVariableMethod.withArgs(\"originalRequest\").returns(JSON.stringify(requestContent.request_body));\ncontextGetVariableMethod.withArgs(\"response.content\").returns(JSON.stringify(responseContent.responsePendingCancellation));\nloadJS(responseMapping);\nvar latestRequest =JSON.parse(contextVars[\"response.content\"]);\nexpect(latestRequest[\"originatorDetail\"][\"merchantId\"]).to.equal(requestContent.request_body.originatorDetail.merchantId);\ndone();",
                  "err": {},
                  "uuid": "388a01fb-cbf4-4af8-b06c-7518727aa8ae",
                  "parentUUID": "d1709646-2032-4cc3-bfed-b370cba46f33",
                  "isHook": false,
                  "skipped": false
                },
                {
                  "title": "Checking transactionDetail.retrievalReferenceNumber field ",
                  "fullTitle": "Response Maping of Status= PendingCancellation ( Test Cases ) -  Checking PendingCancellation_Response_CSV - Row No :- 1 Checking transactionDetail.retrievalReferenceNumber field ",
                  "timedOut": false,
                  "duration": 2,
                  "state": "passed",
                  "speed": "fast",
                  "pass": true,
                  "fail": false,
                  "pending": false,
                  "context": null,
                  "code": "contextGetVariableMethod.withArgs(\"originalRequest\").returns(JSON.stringify(requestContent.request_body));\ncontextGetVariableMethod.withArgs(\"response.content\").returns(JSON.stringify(responseContent.responsePendingCancellation));\nloadJS(responseMapping);\nvar latestRequest =JSON.parse(contextVars[\"response.content\"]);\nexpect(latestRequest[\"transactionDetail\"][\"retrievalReferenceNumber\"]).to.equal(requestContent.request_body.transactionDetail.retrievalReferenceNumber);\ndone();",
                  "err": {},
                  "uuid": "faf12eaf-0cb8-4180-8471-5db65ac70a47",
                  "parentUUID": "d1709646-2032-4cc3-bfed-b370cba46f33",
                  "isHook": false,
                  "skipped": false
                },
                {
                  "title": "Checking transactionDetail.systemTraceAuditNumber field ",
                  "fullTitle": "Response Maping of Status= PendingCancellation ( Test Cases ) -  Checking PendingCancellation_Response_CSV - Row No :- 1 Checking transactionDetail.systemTraceAuditNumber field ",
                  "timedOut": false,
                  "duration": 1,
                  "state": "passed",
                  "speed": "fast",
                  "pass": true,
                  "fail": false,
                  "pending": false,
                  "context": null,
                  "code": "contextGetVariableMethod.withArgs(\"originalRequest\").returns(JSON.stringify(requestContent.request_body));\ncontextGetVariableMethod.withArgs(\"response.content\").returns(JSON.stringify(responseContent.responsePendingCancellation));\nloadJS(responseMapping);\nvar latestRequest =JSON.parse(contextVars[\"response.content\"]);\nexpect(latestRequest[\"transactionDetail\"][\"systemTraceAuditNumber\"]).to.equal(requestContent.request_body.transactionDetail.systemTraceAuditNumber);\ndone();",
                  "err": {},
                  "uuid": "303d96e7-8e61-4b10-9783-53fcbad206ad",
                  "parentUUID": "d1709646-2032-4cc3-bfed-b370cba46f33",
                  "isHook": false,
                  "skipped": false
                },
                {
                  "title": "Checking transactionDetail.transmissionDateTime field ",
                  "fullTitle": "Response Maping of Status= PendingCancellation ( Test Cases ) -  Checking PendingCancellation_Response_CSV - Row No :- 1 Checking transactionDetail.transmissionDateTime field ",
                  "timedOut": false,
                  "duration": 1,
                  "state": "passed",
                  "speed": "fast",
                  "pass": true,
                  "fail": false,
                  "pending": false,
                  "context": null,
                  "code": "contextGetVariableMethod.withArgs(\"originalRequest\").returns(JSON.stringify(requestContent.request_body));\ncontextGetVariableMethod.withArgs(\"response.content\").returns(JSON.stringify(responseContent.responsePendingCancellation));\nloadJS(responseMapping);\nvar latestRequest =JSON.parse(contextVars[\"response.content\"]);\nexpect(latestRequest[\"transactionDetail\"][\"transmissionDateTime\"]).to.equal(requestContent.request_body.transactionDetail.transmissionDateTime);\ndone();",
                  "err": {},
                  "uuid": "a27c52ed-084c-4462-8bc8-3ec70041b697",
                  "parentUUID": "d1709646-2032-4cc3-bfed-b370cba46f33",
                  "isHook": false,
                  "skipped": false
                },
                {
                  "title": "Checking transactionDetail.paymentTrackingId field ",
                  "fullTitle": "Response Maping of Status= PendingCancellation ( Test Cases ) -  Checking PendingCancellation_Response_CSV - Row No :- 1 Checking transactionDetail.paymentTrackingId field ",
                  "timedOut": false,
                  "duration": 1,
                  "state": "passed",
                  "speed": "fast",
                  "pass": true,
                  "fail": false,
                  "pending": false,
                  "context": null,
                  "code": "contextGetVariableMethod.withArgs(\"originalRequest\").returns(JSON.stringify(requestContent.request_body));\ncontextGetVariableMethod.withArgs(\"response.content\").returns(JSON.stringify(responseContent.responsePendingCancellation));\nloadJS(responseMapping);\nvar latestRequest =JSON.parse(contextVars[\"response.content\"]);\nexpect(latestRequest[\"transactionDetail\"][\"paymentTrackingId\"]).to.equal(requestContent.request_body.transactionDetail.paymentTrackingId);\ndone();",
                  "err": {},
                  "uuid": "a6624ab4-17ec-49c0-b669-c27513f49a52",
                  "parentUUID": "d1709646-2032-4cc3-bfed-b370cba46f33",
                  "isHook": false,
                  "skipped": false
                },
                {
                  "title": "Checking transactionDetail.status field ",
                  "fullTitle": "Response Maping of Status= PendingCancellation ( Test Cases ) -  Checking PendingCancellation_Response_CSV - Row No :- 1 Checking transactionDetail.status field ",
                  "timedOut": false,
                  "duration": 1,
                  "state": "passed",
                  "speed": "fast",
                  "pass": true,
                  "fail": false,
                  "pending": false,
                  "context": null,
                  "code": "contextGetVariableMethod.withArgs(\"originalRequest\").returns(JSON.stringify(requestContent.request_body));\ncontextGetVariableMethod.withArgs(\"response.content\").returns(JSON.stringify(responseContent.responsePendingCancellation));\nloadJS(responseMapping);\nvar latestRequest =JSON.parse(contextVars[\"response.content\"]);\nexpect(latestRequest[\"transactionDetail\"][\"status\"]).to.equal(\"PendingCancellation\");\ndone();",
                  "err": {},
                  "uuid": "47bfd1bd-afe9-4033-a117-b116dece502b",
                  "parentUUID": "d1709646-2032-4cc3-bfed-b370cba46f33",
                  "isHook": false,
                  "skipped": false
                }
              ],
              "suites": [],
              "passes": [
                "8372ad71-92d8-445b-867c-ff122ae409eb",
                "388a01fb-cbf4-4af8-b06c-7518727aa8ae",
                "faf12eaf-0cb8-4180-8471-5db65ac70a47",
                "303d96e7-8e61-4b10-9783-53fcbad206ad",
                "a27c52ed-084c-4462-8bc8-3ec70041b697",
                "a6624ab4-17ec-49c0-b669-c27513f49a52",
                "47bfd1bd-afe9-4033-a117-b116dece502b"
              ],
              "failures": [],
              "pending": [],
              "skipped": [],
              "duration": 9,
              "root": false,
              "rootEmpty": false,
              "_timeout": 2000
            },
            {
              "uuid": "4e520bd6-4330-40b9-817f-8e01bdf125a9",
              "title": "Checking PendingCancellation_Response_CSV - Row No :- 2",
              "fullFile": "X:\\Testing\\CancelPayout_UnitTest\\TestCases\\test.js",
              "file": "\\test.js",
              "beforeHooks": [
                {
                  "title": "\"before all\" hook",
                  "fullTitle": "Response Maping of Status= PendingCancellation ( Test Cases ) -  Checking PendingCancellation_Response_CSV - Row No :- 2 \"before all\" hook",
                  "timedOut": false,
                  "duration": 0,
                  "state": null,
                  "speed": null,
                  "pass": false,
                  "fail": false,
                  "pending": false,
                  "context": null,
                  "code": "//set the request payload\n  requestContent.request_body.payload=CancelRequest_JsonData[i];\n//set the response payload\n  responseContent.responsePendingCancellation.payload=data;",
                  "err": {},
                  "uuid": "f71dac01-0323-4054-aca7-db80fde82216",
                  "parentUUID": "4e520bd6-4330-40b9-817f-8e01bdf125a9",
                  "isHook": true,
                  "skipped": false
                }
              ],
              "afterHooks": [],
              "tests": [
                {
                  "title": "Checking originatorDetail.acquiringBIN field ",
                  "fullTitle": "Response Maping of Status= PendingCancellation ( Test Cases ) -  Checking PendingCancellation_Response_CSV - Row No :- 2 Checking originatorDetail.acquiringBIN field ",
                  "timedOut": false,
                  "duration": 1,
                  "state": "passed",
                  "speed": "fast",
                  "pass": true,
                  "fail": false,
                  "pending": false,
                  "context": null,
                  "code": "contextGetVariableMethod.withArgs(\"originalRequest\").returns(JSON.stringify(requestContent.request_body));\ncontextGetVariableMethod.withArgs(\"response.content\").returns(JSON.stringify(responseContent.responsePendingCancellation));\nloadJS(responseMapping);\nvar latestRequest =JSON.parse(contextVars[\"response.content\"]);\nexpect(latestRequest[\"originatorDetail\"][\"acquiringBIN\"]).to.equal(requestContent.request_body.originatorDetail.acquiringBIN);\ndone();",
                  "err": {},
                  "uuid": "e620d355-a579-456b-80af-0ff57db1b2ff",
                  "parentUUID": "4e520bd6-4330-40b9-817f-8e01bdf125a9",
                  "isHook": false,
                  "skipped": false
                },
                {
                  "title": "Checking originatorDetail.merchantId field ",
                  "fullTitle": "Response Maping of Status= PendingCancellation ( Test Cases ) -  Checking PendingCancellation_Response_CSV - Row No :- 2 Checking originatorDetail.merchantId field ",
                  "timedOut": false,
                  "duration": 1,
                  "state": "passed",
                  "speed": "fast",
                  "pass": true,
                  "fail": false,
                  "pending": false,
                  "context": null,
                  "code": "contextGetVariableMethod.withArgs(\"originalRequest\").returns(JSON.stringify(requestContent.request_body));\ncontextGetVariableMethod.withArgs(\"response.content\").returns(JSON.stringify(responseContent.responsePendingCancellation));\nloadJS(responseMapping);\nvar latestRequest =JSON.parse(contextVars[\"response.content\"]);\nexpect(latestRequest[\"originatorDetail\"][\"merchantId\"]).to.equal(requestContent.request_body.originatorDetail.merchantId);\ndone();",
                  "err": {},
                  "uuid": "c1ddeb2e-aa05-4a85-a01d-ea67ad6a806d",
                  "parentUUID": "4e520bd6-4330-40b9-817f-8e01bdf125a9",
                  "isHook": false,
                  "skipped": false
                },
                {
                  "title": "Checking transactionDetail.retrievalReferenceNumber field ",
                  "fullTitle": "Response Maping of Status= PendingCancellation ( Test Cases ) -  Checking PendingCancellation_Response_CSV - Row No :- 2 Checking transactionDetail.retrievalReferenceNumber field ",
                  "timedOut": false,
                  "duration": 0,
                  "state": "passed",
                  "speed": "fast",
                  "pass": true,
                  "fail": false,
                  "pending": false,
                  "context": null,
                  "code": "contextGetVariableMethod.withArgs(\"originalRequest\").returns(JSON.stringify(requestContent.request_body));\ncontextGetVariableMethod.withArgs(\"response.content\").returns(JSON.stringify(responseContent.responsePendingCancellation));\nloadJS(responseMapping);\nvar latestRequest =JSON.parse(contextVars[\"response.content\"]);\nexpect(latestRequest[\"transactionDetail\"][\"retrievalReferenceNumber\"]).to.equal(requestContent.request_body.transactionDetail.retrievalReferenceNumber);\ndone();",
                  "err": {},
                  "uuid": "8ab0b8a2-4421-4179-a8d8-1c1545a217dc",
                  "parentUUID": "4e520bd6-4330-40b9-817f-8e01bdf125a9",
                  "isHook": false,
                  "skipped": false
                },
                {
                  "title": "Checking transactionDetail.systemTraceAuditNumber field ",
                  "fullTitle": "Response Maping of Status= PendingCancellation ( Test Cases ) -  Checking PendingCancellation_Response_CSV - Row No :- 2 Checking transactionDetail.systemTraceAuditNumber field ",
                  "timedOut": false,
                  "duration": 1,
                  "state": "passed",
                  "speed": "fast",
                  "pass": true,
                  "fail": false,
                  "pending": false,
                  "context": null,
                  "code": "contextGetVariableMethod.withArgs(\"originalRequest\").returns(JSON.stringify(requestContent.request_body));\ncontextGetVariableMethod.withArgs(\"response.content\").returns(JSON.stringify(responseContent.responsePendingCancellation));\nloadJS(responseMapping);\nvar latestRequest =JSON.parse(contextVars[\"response.content\"]);\nexpect(latestRequest[\"transactionDetail\"][\"systemTraceAuditNumber\"]).to.equal(requestContent.request_body.transactionDetail.systemTraceAuditNumber);\ndone();",
                  "err": {},
                  "uuid": "0916682f-2592-4e79-b28e-4a918c6da211",
                  "parentUUID": "4e520bd6-4330-40b9-817f-8e01bdf125a9",
                  "isHook": false,
                  "skipped": false
                },
                {
                  "title": "Checking transactionDetail.transmissionDateTime field ",
                  "fullTitle": "Response Maping of Status= PendingCancellation ( Test Cases ) -  Checking PendingCancellation_Response_CSV - Row No :- 2 Checking transactionDetail.transmissionDateTime field ",
                  "timedOut": false,
                  "duration": 1,
                  "state": "passed",
                  "speed": "fast",
                  "pass": true,
                  "fail": false,
                  "pending": false,
                  "context": null,
                  "code": "contextGetVariableMethod.withArgs(\"originalRequest\").returns(JSON.stringify(requestContent.request_body));\ncontextGetVariableMethod.withArgs(\"response.content\").returns(JSON.stringify(responseContent.responsePendingCancellation));\nloadJS(responseMapping);\nvar latestRequest =JSON.parse(contextVars[\"response.content\"]);\nexpect(latestRequest[\"transactionDetail\"][\"transmissionDateTime\"]).to.equal(requestContent.request_body.transactionDetail.transmissionDateTime);\ndone();",
                  "err": {},
                  "uuid": "80cc2d55-21af-47c5-b3d8-cbddb02dafd7",
                  "parentUUID": "4e520bd6-4330-40b9-817f-8e01bdf125a9",
                  "isHook": false,
                  "skipped": false
                },
                {
                  "title": "Checking transactionDetail.paymentTrackingId field ",
                  "fullTitle": "Response Maping of Status= PendingCancellation ( Test Cases ) -  Checking PendingCancellation_Response_CSV - Row No :- 2 Checking transactionDetail.paymentTrackingId field ",
                  "timedOut": false,
                  "duration": 1,
                  "state": "passed",
                  "speed": "fast",
                  "pass": true,
                  "fail": false,
                  "pending": false,
                  "context": null,
                  "code": "contextGetVariableMethod.withArgs(\"originalRequest\").returns(JSON.stringify(requestContent.request_body));\ncontextGetVariableMethod.withArgs(\"response.content\").returns(JSON.stringify(responseContent.responsePendingCancellation));\nloadJS(responseMapping);\nvar latestRequest =JSON.parse(contextVars[\"response.content\"]);\nexpect(latestRequest[\"transactionDetail\"][\"paymentTrackingId\"]).to.equal(requestContent.request_body.transactionDetail.paymentTrackingId);\ndone();",
                  "err": {},
                  "uuid": "dce009d6-09d4-426c-8e04-55bdc8a85086",
                  "parentUUID": "4e520bd6-4330-40b9-817f-8e01bdf125a9",
                  "isHook": false,
                  "skipped": false
                },
                {
                  "title": "Checking transactionDetail.status field ",
                  "fullTitle": "Response Maping of Status= PendingCancellation ( Test Cases ) -  Checking PendingCancellation_Response_CSV - Row No :- 2 Checking transactionDetail.status field ",
                  "timedOut": false,
                  "duration": 1,
                  "state": "passed",
                  "speed": "fast",
                  "pass": true,
                  "fail": false,
                  "pending": false,
                  "context": null,
                  "code": "contextGetVariableMethod.withArgs(\"originalRequest\").returns(JSON.stringify(requestContent.request_body));\ncontextGetVariableMethod.withArgs(\"response.content\").returns(JSON.stringify(responseContent.responsePendingCancellation));\nloadJS(responseMapping);\nvar latestRequest =JSON.parse(contextVars[\"response.content\"]);\nexpect(latestRequest[\"transactionDetail\"][\"status\"]).to.equal(\"PendingCancellation\");\ndone();",
                  "err": {},
                  "uuid": "02659a20-813c-47f7-b9a8-1b701602f6f2",
                  "parentUUID": "4e520bd6-4330-40b9-817f-8e01bdf125a9",
                  "isHook": false,
                  "skipped": false
                }
              ],
              "suites": [],
              "passes": [
                "e620d355-a579-456b-80af-0ff57db1b2ff",
                "c1ddeb2e-aa05-4a85-a01d-ea67ad6a806d",
                "8ab0b8a2-4421-4179-a8d8-1c1545a217dc",
                "0916682f-2592-4e79-b28e-4a918c6da211",
                "80cc2d55-21af-47c5-b3d8-cbddb02dafd7",
                "dce009d6-09d4-426c-8e04-55bdc8a85086",
                "02659a20-813c-47f7-b9a8-1b701602f6f2"
              ],
              "failures": [],
              "pending": [],
              "skipped": [],
              "duration": 6,
              "root": false,
              "rootEmpty": false,
              "_timeout": 2000
            }
          ],
          "passes": [],
          "failures": [],
          "pending": [],
          "skipped": [],
          "duration": 0,
          "root": false,
          "rootEmpty": false,
          "_timeout": 2000
        },
        {
          "uuid": "03aaa972-518f-4071-a80d-c3f234d761c1",
          "title": "Response Maping of Status = Validation Error && Description = Payout not cancellable( Test Cases ) - ",
          "fullFile": "X:\\Testing\\CancelPayout_UnitTest\\TestCases\\test.js",
          "file": "\\test.js",
          "beforeHooks": [],
          "afterHooks": [],
          "tests": [],
          "suites": [
            {
              "uuid": "1cd6646b-18b7-4d56-bfb4-a004a7b080c0",
              "title": "Checking Response - Row No :- 1",
              "fullFile": "X:\\Testing\\CancelPayout_UnitTest\\TestCases\\test.js",
              "file": "\\test.js",
              "beforeHooks": [
                {
                  "title": "\"before all\" hook",
                  "fullTitle": "Response Maping of Status = Validation Error && Description = Payout not cancellable( Test Cases ) -  Checking Response - Row No :- 1 \"before all\" hook",
                  "timedOut": false,
                  "duration": 0,
                  "state": null,
                  "speed": null,
                  "pass": false,
                  "fail": false,
                  "pending": false,
                  "context": null,
                  "code": "//set the request payload\n  requestContent.request_body.payload=CancelRequest_JsonData[i];",
                  "err": {},
                  "uuid": "7588fd89-743f-46c9-a49e-7f16bd99c79b",
                  "parentUUID": "1cd6646b-18b7-4d56-bfb4-a004a7b080c0",
                  "isHook": true,
                  "skipped": false
                }
              ],
              "afterHooks": [],
              "tests": [
                {
                  "title": "Checking originatorDetail.acquiringBIN field ",
                  "fullTitle": "Response Maping of Status = Validation Error && Description = Payout not cancellable( Test Cases ) -  Checking Response - Row No :- 1 Checking originatorDetail.acquiringBIN field ",
                  "timedOut": false,
                  "duration": 1,
                  "state": "passed",
                  "speed": "fast",
                  "pass": true,
                  "fail": false,
                  "pending": false,
                  "context": null,
                  "code": "contextGetVariableMethod.withArgs(\"originalRequest\").returns(JSON.stringify(requestContent.request_body));\ncontextGetVariableMethod.withArgs(\"response.content\").returns(JSON.stringify(errorContent.Error_NotCancellable));\nloadJS(responseMapping);\n  \nvar latestRequest =JSON.parse(contextVars[\"response.content\"]);\nexpect(latestRequest[\"originatorDetail\"][\"acquiringBIN\"]).to.equal(requestContent.request_body.originatorDetail.acquiringBIN);\ndone();",
                  "err": {},
                  "uuid": "fc1328d5-4fa6-46f7-8d75-f309a32ade27",
                  "parentUUID": "1cd6646b-18b7-4d56-bfb4-a004a7b080c0",
                  "isHook": false,
                  "skipped": false
                },
                {
                  "title": "Checking originatorDetail.merchantId field ",
                  "fullTitle": "Response Maping of Status = Validation Error && Description = Payout not cancellable( Test Cases ) -  Checking Response - Row No :- 1 Checking originatorDetail.merchantId field ",
                  "timedOut": false,
                  "duration": 1,
                  "state": "passed",
                  "speed": "fast",
                  "pass": true,
                  "fail": false,
                  "pending": false,
                  "context": null,
                  "code": "contextGetVariableMethod.withArgs(\"originalRequest\").returns(JSON.stringify(requestContent.request_body));\ncontextGetVariableMethod.withArgs(\"response.content\").returns(JSON.stringify(errorContent.Error_NotCancellable));\nloadJS(responseMapping);\n  \nvar latestRequest =JSON.parse(contextVars[\"response.content\"]);\nexpect(latestRequest[\"originatorDetail\"][\"merchantId\"]).to.equal(requestContent.request_body.originatorDetail.merchantId);\ndone();",
                  "err": {},
                  "uuid": "8b157362-2f9d-4eab-b518-9d32303e6b9c",
                  "parentUUID": "1cd6646b-18b7-4d56-bfb4-a004a7b080c0",
                  "isHook": false,
                  "skipped": false
                },
                {
                  "title": "Checking transactionDetail.retrievalReferenceNumber field ",
                  "fullTitle": "Response Maping of Status = Validation Error && Description = Payout not cancellable( Test Cases ) -  Checking Response - Row No :- 1 Checking transactionDetail.retrievalReferenceNumber field ",
                  "timedOut": false,
                  "duration": 1,
                  "state": "passed",
                  "speed": "fast",
                  "pass": true,
                  "fail": false,
                  "pending": false,
                  "context": null,
                  "code": "contextGetVariableMethod.withArgs(\"originalRequest\").returns(JSON.stringify(requestContent.request_body));\ncontextGetVariableMethod.withArgs(\"response.content\").returns(JSON.stringify(errorContent.Error_NotCancellable));\nloadJS(responseMapping);\n  \nvar latestRequest =JSON.parse(contextVars[\"response.content\"]);\nexpect(latestRequest[\"transactionDetail\"][\"retrievalReferenceNumber\"]).to.equal(requestContent.request_body.transactionDetail.retrievalReferenceNumber);\ndone();",
                  "err": {},
                  "uuid": "1fc9600f-29e7-4b89-b49a-25e22d982369",
                  "parentUUID": "1cd6646b-18b7-4d56-bfb4-a004a7b080c0",
                  "isHook": false,
                  "skipped": false
                },
                {
                  "title": "Checking transactionDetail.systemTraceAuditNumber field ",
                  "fullTitle": "Response Maping of Status = Validation Error && Description = Payout not cancellable( Test Cases ) -  Checking Response - Row No :- 1 Checking transactionDetail.systemTraceAuditNumber field ",
                  "timedOut": false,
                  "duration": 1,
                  "state": "passed",
                  "speed": "fast",
                  "pass": true,
                  "fail": false,
                  "pending": false,
                  "context": null,
                  "code": "contextGetVariableMethod.withArgs(\"originalRequest\").returns(JSON.stringify(requestContent.request_body));\ncontextGetVariableMethod.withArgs(\"response.content\").returns(JSON.stringify(errorContent.Error_NotCancellable));\nloadJS(responseMapping);\n  \nvar latestRequest =JSON.parse(contextVars[\"response.content\"]);\nexpect(latestRequest[\"transactionDetail\"][\"systemTraceAuditNumber\"]).to.equal(requestContent.request_body.transactionDetail.systemTraceAuditNumber);\ndone();",
                  "err": {},
                  "uuid": "7433494f-6ccc-4e9c-a024-43068683cf5e",
                  "parentUUID": "1cd6646b-18b7-4d56-bfb4-a004a7b080c0",
                  "isHook": false,
                  "skipped": false
                },
                {
                  "title": "Checking transactionDetail.transmissionDateTime field ",
                  "fullTitle": "Response Maping of Status = Validation Error && Description = Payout not cancellable( Test Cases ) -  Checking Response - Row No :- 1 Checking transactionDetail.transmissionDateTime field ",
                  "timedOut": false,
                  "duration": 0,
                  "state": "passed",
                  "speed": "fast",
                  "pass": true,
                  "fail": false,
                  "pending": false,
                  "context": null,
                  "code": "contextGetVariableMethod.withArgs(\"originalRequest\").returns(JSON.stringify(requestContent.request_body));\ncontextGetVariableMethod.withArgs(\"response.content\").returns(JSON.stringify(errorContent.Error_NotCancellable));\nloadJS(responseMapping);\n  \nvar latestRequest =JSON.parse(contextVars[\"response.content\"]);\nexpect(latestRequest[\"transactionDetail\"][\"transmissionDateTime\"]).to.equal(requestContent.request_body.transactionDetail.transmissionDateTime);\ndone();",
                  "err": {},
                  "uuid": "b8d6d85e-7d92-4a01-a318-cf1e1bc08e04",
                  "parentUUID": "1cd6646b-18b7-4d56-bfb4-a004a7b080c0",
                  "isHook": false,
                  "skipped": false
                },
                {
                  "title": "Checking transactionDetail.paymentTrackingId field ",
                  "fullTitle": "Response Maping of Status = Validation Error && Description = Payout not cancellable( Test Cases ) -  Checking Response - Row No :- 1 Checking transactionDetail.paymentTrackingId field ",
                  "timedOut": false,
                  "duration": 1,
                  "state": "passed",
                  "speed": "fast",
                  "pass": true,
                  "fail": false,
                  "pending": false,
                  "context": null,
                  "code": "contextGetVariableMethod.withArgs(\"originalRequest\").returns(JSON.stringify(requestContent.request_body));\ncontextGetVariableMethod.withArgs(\"response.content\").returns(JSON.stringify(errorContent.Error_NotCancellable));\nloadJS(responseMapping);\n  \nvar latestRequest =JSON.parse(contextVars[\"response.content\"]);\nexpect(latestRequest[\"transactionDetail\"][\"paymentTrackingId\"]).to.equal(requestContent.request_body.transactionDetail.paymentTrackingId);\ndone();",
                  "err": {},
                  "uuid": "d063f0ef-be1a-45be-a2e5-490441cc987b",
                  "parentUUID": "1cd6646b-18b7-4d56-bfb4-a004a7b080c0",
                  "isHook": false,
                  "skipped": false
                },
                {
                  "title": "Checking Status = Validation Error ",
                  "fullTitle": "Response Maping of Status = Validation Error && Description = Payout not cancellable( Test Cases ) -  Checking Response - Row No :- 1 Checking Status = Validation Error ",
                  "timedOut": false,
                  "duration": 0,
                  "state": "passed",
                  "speed": "fast",
                  "pass": true,
                  "fail": false,
                  "pending": false,
                  "context": null,
                  "code": "contextGetVariableMethod.withArgs(\"originalRequest\").returns(JSON.stringify(requestContent.request_body));\ncontextGetVariableMethod.withArgs(\"response.content\").returns(JSON.stringify(errorContent.Error_NotCancellable));\nloadJS(responseMapping);\nvar latestRequest =JSON.parse(contextVars[\"response.content\"]);\nexpect(latestRequest[\"transactionDetail\"][\"status\"]).to.equal(\"Validation Error\");\ndone();",
                  "err": {},
                  "uuid": "e499a403-f13b-4ccf-a679-d0e3af81f5c7",
                  "parentUUID": "1cd6646b-18b7-4d56-bfb4-a004a7b080c0",
                  "isHook": false,
                  "skipped": false
                },
                {
                  "title": "Checking description = Payout not cancellable ",
                  "fullTitle": "Response Maping of Status = Validation Error && Description = Payout not cancellable( Test Cases ) -  Checking Response - Row No :- 1 Checking description = Payout not cancellable ",
                  "timedOut": false,
                  "duration": 1,
                  "state": "passed",
                  "speed": "fast",
                  "pass": true,
                  "fail": false,
                  "pending": false,
                  "context": null,
                  "code": "contextGetVariableMethod.withArgs(\"originalRequest\").returns(JSON.stringify(requestContent.request_body));\ncontextGetVariableMethod.withArgs(\"response.content\").returns(JSON.stringify(errorContent.Error_NotCancellable));\nloadJS(responseMapping);\nvar latestRequest =JSON.parse(contextVars[\"response.content\"]);\nexpect(latestRequest[\"transactionDetail\"][\"description\"]).to.equal(\"Payout not cancellable\");\ndone();",
                  "err": {},
                  "uuid": "6096d160-80b2-4e6e-aaa4-d233052d9952",
                  "parentUUID": "1cd6646b-18b7-4d56-bfb4-a004a7b080c0",
                  "isHook": false,
                  "skipped": false
                }
              ],
              "suites": [],
              "passes": [
                "fc1328d5-4fa6-46f7-8d75-f309a32ade27",
                "8b157362-2f9d-4eab-b518-9d32303e6b9c",
                "1fc9600f-29e7-4b89-b49a-25e22d982369",
                "7433494f-6ccc-4e9c-a024-43068683cf5e",
                "b8d6d85e-7d92-4a01-a318-cf1e1bc08e04",
                "d063f0ef-be1a-45be-a2e5-490441cc987b",
                "e499a403-f13b-4ccf-a679-d0e3af81f5c7",
                "6096d160-80b2-4e6e-aaa4-d233052d9952"
              ],
              "failures": [],
              "pending": [],
              "skipped": [],
              "duration": 6,
              "root": false,
              "rootEmpty": false,
              "_timeout": 2000
            },
            {
              "uuid": "b806e213-a7c0-4ed2-ad5f-a9251c207df1",
              "title": "Checking Response - Row No :- 2",
              "fullFile": "X:\\Testing\\CancelPayout_UnitTest\\TestCases\\test.js",
              "file": "\\test.js",
              "beforeHooks": [
                {
                  "title": "\"before all\" hook",
                  "fullTitle": "Response Maping of Status = Validation Error && Description = Payout not cancellable( Test Cases ) -  Checking Response - Row No :- 2 \"before all\" hook",
                  "timedOut": false,
                  "duration": 0,
                  "state": null,
                  "speed": null,
                  "pass": false,
                  "fail": false,
                  "pending": false,
                  "context": null,
                  "code": "//set the request payload\n  requestContent.request_body.payload=CancelRequest_JsonData[i];",
                  "err": {},
                  "uuid": "87e9c2ea-ccf6-459a-9008-3c09f84b7375",
                  "parentUUID": "b806e213-a7c0-4ed2-ad5f-a9251c207df1",
                  "isHook": true,
                  "skipped": false
                }
              ],
              "afterHooks": [],
              "tests": [
                {
                  "title": "Checking originatorDetail.acquiringBIN field ",
                  "fullTitle": "Response Maping of Status = Validation Error && Description = Payout not cancellable( Test Cases ) -  Checking Response - Row No :- 2 Checking originatorDetail.acquiringBIN field ",
                  "timedOut": false,
                  "duration": 1,
                  "state": "passed",
                  "speed": "fast",
                  "pass": true,
                  "fail": false,
                  "pending": false,
                  "context": null,
                  "code": "contextGetVariableMethod.withArgs(\"originalRequest\").returns(JSON.stringify(requestContent.request_body));\ncontextGetVariableMethod.withArgs(\"response.content\").returns(JSON.stringify(errorContent.Error_NotCancellable));\nloadJS(responseMapping);\n  \nvar latestRequest =JSON.parse(contextVars[\"response.content\"]);\nexpect(latestRequest[\"originatorDetail\"][\"acquiringBIN\"]).to.equal(requestContent.request_body.originatorDetail.acquiringBIN);\ndone();",
                  "err": {},
                  "uuid": "af34de79-c0b1-43ca-aef8-4015247610d0",
                  "parentUUID": "b806e213-a7c0-4ed2-ad5f-a9251c207df1",
                  "isHook": false,
                  "skipped": false
                },
                {
                  "title": "Checking originatorDetail.merchantId field ",
                  "fullTitle": "Response Maping of Status = Validation Error && Description = Payout not cancellable( Test Cases ) -  Checking Response - Row No :- 2 Checking originatorDetail.merchantId field ",
                  "timedOut": false,
                  "duration": 1,
                  "state": "passed",
                  "speed": "fast",
                  "pass": true,
                  "fail": false,
                  "pending": false,
                  "context": null,
                  "code": "contextGetVariableMethod.withArgs(\"originalRequest\").returns(JSON.stringify(requestContent.request_body));\ncontextGetVariableMethod.withArgs(\"response.content\").returns(JSON.stringify(errorContent.Error_NotCancellable));\nloadJS(responseMapping);\n  \nvar latestRequest =JSON.parse(contextVars[\"response.content\"]);\nexpect(latestRequest[\"originatorDetail\"][\"merchantId\"]).to.equal(requestContent.request_body.originatorDetail.merchantId);\ndone();",
                  "err": {},
                  "uuid": "662fdfaa-235e-4f8c-8eba-de0a9ceead86",
                  "parentUUID": "b806e213-a7c0-4ed2-ad5f-a9251c207df1",
                  "isHook": false,
                  "skipped": false
                },
                {
                  "title": "Checking transactionDetail.retrievalReferenceNumber field ",
                  "fullTitle": "Response Maping of Status = Validation Error && Description = Payout not cancellable( Test Cases ) -  Checking Response - Row No :- 2 Checking transactionDetail.retrievalReferenceNumber field ",
                  "timedOut": false,
                  "duration": 1,
                  "state": "passed",
                  "speed": "fast",
                  "pass": true,
                  "fail": false,
                  "pending": false,
                  "context": null,
                  "code": "contextGetVariableMethod.withArgs(\"originalRequest\").returns(JSON.stringify(requestContent.request_body));\ncontextGetVariableMethod.withArgs(\"response.content\").returns(JSON.stringify(errorContent.Error_NotCancellable));\nloadJS(responseMapping);\n  \nvar latestRequest =JSON.parse(contextVars[\"response.content\"]);\nexpect(latestRequest[\"transactionDetail\"][\"retrievalReferenceNumber\"]).to.equal(requestContent.request_body.transactionDetail.retrievalReferenceNumber);\ndone();",
                  "err": {},
                  "uuid": "ac196d17-aca0-450c-bd8f-790f9670bdf5",
                  "parentUUID": "b806e213-a7c0-4ed2-ad5f-a9251c207df1",
                  "isHook": false,
                  "skipped": false
                },
                {
                  "title": "Checking transactionDetail.systemTraceAuditNumber field ",
                  "fullTitle": "Response Maping of Status = Validation Error && Description = Payout not cancellable( Test Cases ) -  Checking Response - Row No :- 2 Checking transactionDetail.systemTraceAuditNumber field ",
                  "timedOut": false,
                  "duration": 1,
                  "state": "passed",
                  "speed": "fast",
                  "pass": true,
                  "fail": false,
                  "pending": false,
                  "context": null,
                  "code": "contextGetVariableMethod.withArgs(\"originalRequest\").returns(JSON.stringify(requestContent.request_body));\ncontextGetVariableMethod.withArgs(\"response.content\").returns(JSON.stringify(errorContent.Error_NotCancellable));\nloadJS(responseMapping);\n  \nvar latestRequest =JSON.parse(contextVars[\"response.content\"]);\nexpect(latestRequest[\"transactionDetail\"][\"systemTraceAuditNumber\"]).to.equal(requestContent.request_body.transactionDetail.systemTraceAuditNumber);\ndone();",
                  "err": {},
                  "uuid": "c9d5d6b2-1406-4a37-a532-967c58086cde",
                  "parentUUID": "b806e213-a7c0-4ed2-ad5f-a9251c207df1",
                  "isHook": false,
                  "skipped": false
                },
                {
                  "title": "Checking transactionDetail.transmissionDateTime field ",
                  "fullTitle": "Response Maping of Status = Validation Error && Description = Payout not cancellable( Test Cases ) -  Checking Response - Row No :- 2 Checking transactionDetail.transmissionDateTime field ",
                  "timedOut": false,
                  "duration": 0,
                  "state": "passed",
                  "speed": "fast",
                  "pass": true,
                  "fail": false,
                  "pending": false,
                  "context": null,
                  "code": "contextGetVariableMethod.withArgs(\"originalRequest\").returns(JSON.stringify(requestContent.request_body));\ncontextGetVariableMethod.withArgs(\"response.content\").returns(JSON.stringify(errorContent.Error_NotCancellable));\nloadJS(responseMapping);\n  \nvar latestRequest =JSON.parse(contextVars[\"response.content\"]);\nexpect(latestRequest[\"transactionDetail\"][\"transmissionDateTime\"]).to.equal(requestContent.request_body.transactionDetail.transmissionDateTime);\ndone();",
                  "err": {},
                  "uuid": "58ef0e98-c064-4baf-b5c6-38040b3790e6",
                  "parentUUID": "b806e213-a7c0-4ed2-ad5f-a9251c207df1",
                  "isHook": false,
                  "skipped": false
                },
                {
                  "title": "Checking transactionDetail.paymentTrackingId field ",
                  "fullTitle": "Response Maping of Status = Validation Error && Description = Payout not cancellable( Test Cases ) -  Checking Response - Row No :- 2 Checking transactionDetail.paymentTrackingId field ",
                  "timedOut": false,
                  "duration": 1,
                  "state": "passed",
                  "speed": "fast",
                  "pass": true,
                  "fail": false,
                  "pending": false,
                  "context": null,
                  "code": "contextGetVariableMethod.withArgs(\"originalRequest\").returns(JSON.stringify(requestContent.request_body));\ncontextGetVariableMethod.withArgs(\"response.content\").returns(JSON.stringify(errorContent.Error_NotCancellable));\nloadJS(responseMapping);\n  \nvar latestRequest =JSON.parse(contextVars[\"response.content\"]);\nexpect(latestRequest[\"transactionDetail\"][\"paymentTrackingId\"]).to.equal(requestContent.request_body.transactionDetail.paymentTrackingId);\ndone();",
                  "err": {},
                  "uuid": "449c1ba9-f6d3-48d5-b338-76a7ddd7aba2",
                  "parentUUID": "b806e213-a7c0-4ed2-ad5f-a9251c207df1",
                  "isHook": false,
                  "skipped": false
                },
                {
                  "title": "Checking Status = Validation Error ",
                  "fullTitle": "Response Maping of Status = Validation Error && Description = Payout not cancellable( Test Cases ) -  Checking Response - Row No :- 2 Checking Status = Validation Error ",
                  "timedOut": false,
                  "duration": 1,
                  "state": "passed",
                  "speed": "fast",
[...]
                  "parentUUID": "9c076087-5c9e-4c7c-93e1-57169d5e240b",
                  "isHook": false,
                  "skipped": false
                },
                {
                  "title": "Checking transactionDetail.paymentTrackingId field ",
                  "fullTitle": "Response Maping of Status = Validation Error && Description = Cancellation Request received for a transaction that is already pending to be cancelled.( Test Cases ) -  Checking Response - Row No :- 1 Checking transactionDetail.paymentTrackingId field ",
                  "timedOut": false,
                  "duration": 1,
                  "state": "passed",
                  "speed": "fast",
                  "pass": true,
                  "fail": false,
                  "pending": false,
                  "context": null,
                  "code": "contextGetVariableMethod.withArgs(\"originalRequest\").returns(JSON.stringify(requestContent.request_body));\ncontextGetVariableMethod.withArgs(\"response.content\").returns(JSON.stringify(errorContent.Error_Cancellation_Request_received_for_a_transaction_that_is_already_pending_to_be_cancelled));\nloadJS(responseMapping);\nvar latestRequest =JSON.parse(contextVars[\"response.content\"]);\nexpect(latestRequest[\"transactionDetail\"][\"paymentTrackingId\"]).to.equal(requestContent.request_body.transactionDetail.paymentTrackingId);\ndone();",
                  "err": {},
                  "uuid": "c6afbc24-4fee-4272-b91a-8aa41ab6fcd5",
                  "parentUUID": "9c076087-5c9e-4c7c-93e1-57169d5e240b",
                  "isHook": false,
                  "skipped": false
                },
                {
                  "title": "Checking Status = Validation Error ",
                  "fullTitle": "Response Maping of Status = Validation Error && Description = Cancellation Request received for a transaction that is already pending to be cancelled.( Test Cases ) -  Checking Response - Row No :- 1 Checking Status = Validation Error ",
                  "timedOut": false,
                  "duration": 1,
                  "state": "passed",
                  "speed": "fast",
                  "pass": true,
                  "fail": false,
                  "pending": false,
                  "context": null,
                  "code": "contextGetVariableMethod.withArgs(\"originalRequest\").returns(JSON.stringify(requestContent.request_body));\ncontextGetVariableMethod.withArgs(\"response.content\").returns(JSON.stringify(errorContent.Error_Cancellation_Request_received_for_a_transaction_that_is_already_pending_to_be_cancelled));\nloadJS(responseMapping);\nvar latestRequest =JSON.parse(contextVars[\"response.content\"]);\nexpect(latestRequest[\"transactionDetail\"][\"status\"]).to.equal(\"Validation Error\");\ndone();",
                  "err": {},
                  "uuid": "e0244ebc-2d05-450d-89b4-e0ec881ee3fc",
                  "parentUUID": "9c076087-5c9e-4c7c-93e1-57169d5e240b",
                  "isHook": false,
                  "skipped": false
                },
                {
                  "title": "Checking description = Pending Cancellation ",
                  "fullTitle": "Response Maping of Status = Validation Error && Description = Cancellation Request received for a transaction that is already pending to be cancelled.( Test Cases ) -  Checking Response - Row No :- 1 Checking description = Pending Cancellation ",
                  "timedOut": false,
                  "duration": 1,
                  "state": "passed",
                  "speed": "fast",
                  "pass": true,
                  "fail": false,
                  "pending": false,
                  "context": null,
                  "code": "contextGetVariableMethod.withArgs(\"originalRequest\").returns(JSON.stringify(requestContent.request_body));\ncontextGetVariableMethod.withArgs(\"response.content\").returns(JSON.stringify(errorContent.Error_Cancellation_Request_received_for_a_transaction_that_is_already_pending_to_be_cancelled));\nloadJS(responseMapping);\nvar latestRequest =JSON.parse(contextVars[\"response.content\"]);\nexpect(latestRequest[\"transactionDetail\"][\"description\"]).to.equal(\"Pending Cancellation\");\ndone();",
                  "err": {},
                  "uuid": "224c8017-459a-4ecc-bd1a-baca4f2d94cd",
                  "parentUUID": "9c076087-5c9e-4c7c-93e1-57169d5e240b",
                  "isHook": false,
                  "skipped": false
                }
              ],
              "suites": [],
              "passes": [
                "6e0bb206-1bc4-4357-b6c4-b08afc7e0fd2",
                "d09f5cbc-ab82-4b30-89c6-adab7b834dad",
                "6b393369-391e-4d30-a4ad-caa5c7abb27c",
                "ab55bd3e-d0f5-48d0-ad56-c467d7d23a40",
                "7eb4116b-39f2-467c-b342-2c61006d7f07",
                "c6afbc24-4fee-4272-b91a-8aa41ab6fcd5",
                "e0244ebc-2d05-450d-89b4-e0ec881ee3fc",
                "224c8017-459a-4ecc-bd1a-baca4f2d94cd"
              ],
              "failures": [],
              "pending": [],
              "skipped": [],
              "duration": 7,
              "root": false,
              "rootEmpty": false,
              "_timeout": 2000
            },
            {
              "uuid": "03fbc69f-6ba1-4ed5-97dd-6d9bba9f9593",
              "title": "Checking Response - Row No :- 2",
              "fullFile": "X:\\Testing\\CancelPayout_UnitTest\\TestCases\\test.js",
              "file": "\\test.js",
              "beforeHooks": [
                {
                  "title": "\"before all\" hook",
                  "fullTitle": "Response Maping of Status = Validation Error && Description = Cancellation Request received for a transaction that is already pending to be cancelled.( Test Cases ) -  Checking Response - Row No :- 2 \"before all\" hook",
                  "timedOut": false,
                  "duration": 0,
                  "state": null,
                  "speed": null,
                  "pass": false,
                  "fail": false,
                  "pending": false,
                  "context": null,
                  "code": "//set the request payload\n  requestContent.request_body.payload=CancelRequest_JsonData[i];",
                  "err": {},
                  "uuid": "922b9564-7a79-4d7b-be51-dc2553413b6c",
                  "parentUUID": "03fbc69f-6ba1-4ed5-97dd-6d9bba9f9593",
                  "isHook": true,
                  "skipped": false
                }
              ],
              "afterHooks": [],
              "tests": [
                {
                  "title": "Checking originatorDetail.acquiringBIN field ",
                  "fullTitle": "Response Maping of Status = Validation Error && Description = Cancellation Request received for a transaction that is already pending to be cancelled.( Test Cases ) -  Checking Response - Row No :- 2 Checking originatorDetail.acquiringBIN field ",
                  "timedOut": false,
                  "duration": 1,
                  "state": "passed",
                  "speed": "fast",
                  "pass": true,
                  "fail": false,
                  "pending": false,
                  "context": null,
                  "code": "contextGetVariableMethod.withArgs(\"originalRequest\").returns(JSON.stringify(requestContent.request_body));\ncontextGetVariableMethod.withArgs(\"response.content\").returns(JSON.stringify(errorContent.Error_Cancellation_Request_received_for_a_transaction_that_is_already_pending_to_be_cancelled));\nloadJS(responseMapping);\nvar latestRequest =JSON.parse(contextVars[\"response.content\"]);\nexpect(latestRequest[\"originatorDetail\"][\"acquiringBIN\"]).to.equal(requestContent.request_body.originatorDetail.acquiringBIN);\ndone();",
                  "err": {},
                  "uuid": "1b215a9a-4fea-4208-83a7-fa939bc56380",
                  "parentUUID": "03fbc69f-6ba1-4ed5-97dd-6d9bba9f9593",
                  "isHook": false,
                  "skipped": false
                },
                {
                  "title": "Checking originatorDetail.merchantId field ",
                  "fullTitle": "Response Maping of Status = Validation Error && Description = Cancellation Request received for a transaction that is already pending to be cancelled.( Test Cases ) -  Checking Response - Row No :- 2 Checking originatorDetail.merchantId field ",
                  "timedOut": false,
                  "duration": 1,
                  "state": "passed",
                  "speed": "fast",
                  "pass": true,
                  "fail": false,
                  "pending": false,
                  "context": null,
                  "code": "contextGetVariableMethod.withArgs(\"originalRequest\").returns(JSON.stringify(requestContent.request_body));\ncontextGetVariableMethod.withArgs(\"response.content\").returns(JSON.stringify(errorContent.Error_Cancellation_Request_received_for_a_transaction_that_is_already_pending_to_be_cancelled));\nloadJS(responseMapping);\nvar latestRequest =JSON.parse(contextVars[\"response.content\"]);\nexpect(latestRequest[\"originatorDetail\"][\"merchantId\"]).to.equal(requestContent.request_body.originatorDetail.merchantId);\ndone();",
                  "err": {},
                  "uuid": "b2d864e0-4cce-48ba-9392-1fcfab377bce",
                  "parentUUID": "03fbc69f-6ba1-4ed5-97dd-6d9bba9f9593",
                  "isHook": false,
                  "skipped": false
                },
                {
                  "title": "Checking transactionDetail.retrievalReferenceNumber field ",
                  "fullTitle": "Response Maping of Status = Validation Error && Description = Cancellation Request received for a transaction that is already pending to be cancelled.( Test Cases ) -  Checking Response - Row No :- 2 Checking transactionDetail.retrievalReferenceNumber field ",
                  "timedOut": false,
                  "duration": 0,
                  "state": "passed",
                  "speed": "fast",
                  "pass": true,
                  "fail": false,
                  "pending": false,
                  "context": null,
                  "code": "contextGetVariableMethod.withArgs(\"originalRequest\").returns(JSON.stringify(requestContent.request_body));\ncontextGetVariableMethod.withArgs(\"response.content\").returns(JSON.stringify(errorContent.Error_Cancellation_Request_received_for_a_transaction_that_is_already_pending_to_be_cancelled));\nloadJS(responseMapping);\nvar latestRequest =JSON.parse(contextVars[\"response.content\"]);\nexpect(latestRequest[\"transactionDetail\"][\"retrievalReferenceNumber\"]).to.equal(requestContent.request_body.transactionDetail.retrievalReferenceNumber);\ndone();",
                  "err": {},
                  "uuid": "dd09e935-dcf9-40b2-b62b-708703f035ed",
                  "parentUUID": "03fbc69f-6ba1-4ed5-97dd-6d9bba9f9593",
                  "isHook": false,
                  "skipped": false
                },
                {
                  "title": "Checking transactionDetail.systemTraceAuditNumber field ",
                  "fullTitle": "Response Maping of Status = Validation Error && Description = Cancellation Request received for a transaction that is already pending to be cancelled.( Test Cases ) -  Checking Response - Row No :- 2 Checking transactionDetail.systemTraceAuditNumber field ",
                  "timedOut": false,
                  "duration": 0,
                  "state": "passed",
                  "speed": "fast",
                  "pass": true,
                  "fail": false,
                  "pending": false,
                  "context": null,
                  "code": "contextGetVariableMethod.withArgs(\"originalRequest\").returns(JSON.stringify(requestContent.request_body));\ncontextGetVariableMethod.withArgs(\"response.content\").returns(JSON.stringify(errorContent.Error_Cancellation_Request_received_for_a_transaction_that_is_already_pending_to_be_cancelled));\nloadJS(responseMapping);\nvar latestRequest =JSON.parse(contextVars[\"response.content\"]);\nexpect(latestRequest[\"transactionDetail\"][\"systemTraceAuditNumber\"]).to.equal(requestContent.request_body.transactionDetail.systemTraceAuditNumber);\ndone();",
                  "err": {},
                  "uuid": "ff1b10a4-155a-4c53-adbe-4063c5583367",
                  "parentUUID": "03fbc69f-6ba1-4ed5-97dd-6d9bba9f9593",
                  "isHook": false,
                  "skipped": false
                },
                {
                  "title": "Checking transactionDetail.transmissionDateTime field ",
                  "fullTitle": "Response Maping of Status = Validation Error && Description = Cancellation Request received for a transaction that is already pending to be cancelled.( Test Cases ) -  Checking Response - Row No :- 2 Checking transactionDetail.transmissionDateTime field ",
                  "timedOut": false,
                  "duration": 1,
                  "state": "passed",
                  "speed": "fast",
                  "pass": true,
                  "fail": false,
                  "pending": false,
                  "context": null,
                  "code": "contextGetVariableMethod.withArgs(\"originalRequest\").returns(JSON.stringify(requestContent.request_body));\ncontextGetVariableMethod.withArgs(\"response.content\").returns(JSON.stringify(errorContent.Error_Cancellation_Request_received_for_a_transaction_that_is_already_pending_to_be_cancelled));\nloadJS(responseMapping);\nvar latestRequest =JSON.parse(contextVars[\"response.content\"]);\nexpect(latestRequest[\"transactionDetail\"][\"transmissionDateTime\"]).to.equal(requestContent.request_body.transactionDetail.transmissionDateTime);\ndone();",
                  "err": {},
                  "uuid": "2561986f-426e-43d1-9dfb-1229b5590bac",
                  "parentUUID": "03fbc69f-6ba1-4ed5-97dd-6d9bba9f9593",
                  "isHook": false,
                  "skipped": false
                },
                {
                  "title": "Checking transactionDetail.paymentTrackingId field ",
                  "fullTitle": "Response Maping of Status = Validation Error && Description = Cancellation Request received for a transaction that is already pending to be cancelled.( Test Cases ) -  Checking Response - Row No :- 2 Checking transactionDetail.paymentTrackingId field ",
                  "timedOut": false,
                  "duration": 1,
                  "state": "passed",
                  "speed": "fast",
                  "pass": true,
                  "fail": false,
                  "pending": false,
                  "context": null,
                  "code": "contextGetVariableMethod.withArgs(\"originalRequest\").returns(JSON.stringify(requestContent.request_body));\ncontextGetVariableMethod.withArgs(\"response.content\").returns(JSON.stringify(errorContent.Error_Cancellation_Request_received_for_a_transaction_that_is_already_pending_to_be_cancelled));\nloadJS(responseMapping);\nvar latestRequest =JSON.parse(contextVars[\"response.content\"]);\nexpect(latestRequest[\"transactionDetail\"][\"paymentTrackingId\"]).to.equal(requestContent.request_body.transactionDetail.paymentTrackingId);\ndone();",
                  "err": {},
                  "uuid": "92e3e535-f58b-4830-87b8-4501f91d6c66",
                  "parentUUID": "03fbc69f-6ba1-4ed5-97dd-6d9bba9f9593",
                  "isHook": false,
                  "skipped": false
                },
                {
                  "title": "Checking Status = Validation Error ",
                  "fullTitle": "Response Maping of Status = Validation Error && Description = Cancellation Request received for a transaction that is already pending to be cancelled.( Test Cases ) -  Checking Response - Row No :- 2 Checking Status = Validation Error ",
                  "timedOut": false,
                  "duration": 0,
                  "state": "passed",
                  "speed": "fast",
                  "pass": true,
                  "fail": false,
                  "pending": false,
                  "context": null,
                  "code": "contextGetVariableMethod.withArgs(\"originalRequest\").returns(JSON.stringify(requestContent.request_body));\ncontextGetVariableMethod.withArgs(\"response.content\").returns(JSON.stringify(errorContent.Error_Cancellation_Request_received_for_a_transaction_that_is_already_pending_to_be_cancelled));\nloadJS(responseMapping);\nvar latestRequest =JSON.parse(contextVars[\"response.content\"]);\nexpect(latestRequest[\"transactionDetail\"][\"status\"]).to.equal(\"Validation Error\");\ndone();",
                  "err": {},
                  "uuid": "f360999f-31ac-4789-a491-b4f537f58137",
                  "parentUUID": "03fbc69f-6ba1-4ed5-97dd-6d9bba9f9593",
                  "isHook": false,
                  "skipped": false
                },
                {
                  "title": "Checking description = Pending Cancellation ",
                  "fullTitle": "Response Maping of Status = Validation Error && Description = Cancellation Request received for a transaction that is already pending to be cancelled.( Test Cases ) -  Checking Response - Row No :- 2 Checking description = Pending Cancellation ",
                  "timedOut": false,
                  "duration": 1,
                  "state": "passed",
                  "speed": "fast",
                  "pass": true,
                  "fail": false,
                  "pending": false,
                  "context": null,
                  "code": "contextGetVariableMethod.withArgs(\"originalRequest\").returns(JSON.stringify(requestContent.request_body));\ncontextGetVariableMethod.withArgs(\"response.content\").returns(JSON.stringify(errorContent.Error_Cancellation_Request_received_for_a_transaction_that_is_already_pending_to_be_cancelled));\nloadJS(responseMapping);\nvar latestRequest =JSON.parse(contextVars[\"response.content\"]);\nexpect(latestRequest[\"transactionDetail\"][\"description\"]).to.equal(\"Pending Cancellation\");\ndone();",
                  "err": {},
                  "uuid": "933cdc0c-ff95-42b9-a377-ac7d223cc174",
                  "parentUUID": "03fbc69f-6ba1-4ed5-97dd-6d9bba9f9593",
                  "isHook": false,
                  "skipped": false
                }
              ],
              "suites": [],
              "passes": [
                "1b215a9a-4fea-4208-83a7-fa939bc56380",
                "b2d864e0-4cce-48ba-9392-1fcfab377bce",
                "dd09e935-dcf9-40b2-b62b-708703f035ed",
                "ff1b10a4-155a-4c53-adbe-4063c5583367",
                "2561986f-426e-43d1-9dfb-1229b5590bac",
                "92e3e535-f58b-4830-87b8-4501f91d6c66",
                "f360999f-31ac-4789-a491-b4f537f58137",
                "933cdc0c-ff95-42b9-a377-ac7d223cc174"
              ],
              "failures": [],
              "pending": [],
              "skipped": [],
              "duration": 5,
              "root": false,
              "rootEmpty": false,
              "_timeout": 2000
            }
          ],
          "passes": [],
          "failures": [],
          "pending": [],
          "skipped": [],
          "duration": 0,
          "root": false,
          "rootEmpty": false,
          "_timeout": 2000
        }
      ],
      "passes": [],
      "failures": [],
      "pending": [],
      "skipped": [],
      "duration": 0,
      "root": true,
      "rootEmpty": true,
      "_timeout": 2000
    }
  ],
  "meta": {
    "mocha": {
      "version": "6.2.2"
    },
    "mochawesome": {
      "options": {
        "quiet": false,
        "reportFilename": "mochawesome",
        "saveHtml": true,
        "saveJson": true,
        "consoleReporter": "spec",
        "useInlineDiffs": false
      },
      "version": "4.1.0"
    },
    "marge": {
      "options": null,
      "version": "4.1.0"
    }
  }
}