{
  "stats": {
    "suites": 9,
    "tests": 32,
    "passes": 32,
    "pending": 0,
    "failures": 0,
    "start": "2020-01-21T12:18:26.707Z",
    "end": "2020-01-21T12:18:26.792Z",
    "duration": 85,
    "testsRegistered": 32,
    "passPercent": 100,
    "pendingPercent": 0,
    "other": 0,
    "hasOther": false,
    "skipped": 0,
    "hasSkipped": false
  },
  "results": [
    {
      "uuid": "f15b3b89-8b99-4747-8045-eec095f1bddf",
      "title": "",
      "fullFile": "",
      "file": "",
      "beforeHooks": [
        {
          "title": "\"before each\" hook",
          "fullTitle": "\"before each\" hook",
          "timedOut": false,
          "duration": 0,
          "state": null,
          "speed": null,
          "pass": false,
          "fail": false,
          "pending": false,
          "context": null,
          "code": "contextGetVariableMethod = sinon.stub(context, 'getVariable');\ncontextSetVariableMethod = sinon.stub(context, 'setVariable').callsFake(\n        function(a, b) {\n            contextVars[a] = b;}\n         );",
          "err": {},
          "uuid": "2abf25ad-6812-4959-a5cf-5d6af37f4fde",
          "parentUUID": "f15b3b89-8b99-4747-8045-eec095f1bddf",
          "isHook": true,
          "skipped": false
        }
      ],
      "afterHooks": [
        {
          "title": "\"after each\" hook",
          "fullTitle": "\"after each\" hook",
          "timedOut": false,
          "duration": 0,
          "state": null,
          "speed": null,
          "pass": false,
          "fail": false,
          "pending": false,
          "context": null,
          "code": "contextGetVariableMethod.restore();\ncontextSetVariableMethod.restore();",
          "err": {},
          "uuid": "46717283-41c1-4d25-a830-78c0ec309f49",
          "parentUUID": "f15b3b89-8b99-4747-8045-eec095f1bddf",
          "isHook": true,
          "skipped": false
        }
      ],
      "tests": [],
      "suites": [
        {
          "uuid": "81518327-f565-4828-9ef1-068ff0c38547",
          "title": "Request Maping Test Cases ",
          "fullFile": "X:\\Testing\\CancelPayout_UnitTest\\TestCases\\test.js",
          "file": "\\test.js",
          "beforeHooks": [],
          "afterHooks": [],
          "tests": [],
          "suites": [
            {
              "uuid": "28e3043c-ed09-4bcd-bd02-b46ed5dc1767",
              "title": "Checking the Request CSV - Row No :-1",
              "fullFile": "X:\\Testing\\CancelPayout_UnitTest\\TestCases\\test.js",
              "file": "\\test.js",
              "beforeHooks": [
                {
                  "title": "\"before all\" hook",
                  "fullTitle": "Request Maping Test Cases  Checking the Request CSV - Row No :-1 \"before all\" hook",
                  "timedOut": false,
                  "duration": 0,
                  "state": null,
                  "speed": null,
                  "pass": false,
                  "fail": false,
                  "pending": false,
                  "context": null,
                  "code": "//set the payload\n  requestContent.request_body.payload=data;",
                  "err": {},
                  "uuid": "11a74ca1-16d6-4019-8554-cf7b9296798c",
                  "parentUUID": "28e3043c-ed09-4bcd-bd02-b46ed5dc1767",
                  "isHook": true,
                  "skipped": false
                }
              ],
              "afterHooks": [],
              "tests": [
                {
                  "title": "Checking ( paymentTrackingId ) field to ns20:epTransactionID",
                  "fullTitle": "Request Maping Test Cases  Checking the Request CSV - Row No :-1 Checking ( paymentTrackingId ) field to ns20:epTransactionID",
                  "timedOut": false,
                  "duration": 4,
                  "state": "passed",
                  "speed": "fast",
                  "pass": true,
                  "fail": false,
                  "pending": false,
                  "context": null,
                  "code": "contextGetVariableMethod.withArgs(\"request.content\").returns(JSON.stringify(requestContent.request_body));\nloadJS(requestMapping);\nvar latestRequest =JSON.parse(contextVars[\"request.content\"]);\nexpect(latestRequest[\"parameters\"][\"ns20:cancellationRequest\"][\"ns20:epTransactionID\"]).to.equal(requestContent.request_body.transactionDetail.paymentTrackingId);\ndone();",
                  "err": {},
                  "uuid": "33577cd1-36fa-4725-96dc-90806c1036b5",
                  "parentUUID": "28e3043c-ed09-4bcd-bd02-b46ed5dc1767",
                  "isHook": false,
                  "skipped": false
                },
                {
                  "title": "Checking ns20:epTransactionID is not null",
                  "fullTitle": "Request Maping Test Cases  Checking the Request CSV - Row No :-1 Checking ns20:epTransactionID is not null",
                  "timedOut": false,
                  "duration": 1,
                  "state": "passed",
                  "speed": "fast",
                  "pass": true,
                  "fail": false,
                  "pending": false,
                  "context": null,
                  "code": "contextGetVariableMethod.withArgs(\"request.content\").returns(JSON.stringify(requestContent.request_body));\nloadJS(requestMapping);\nvar latestRequest =JSON.parse(contextVars[\"request.content\"]);\nexpect(latestRequest[\"parameters\"][\"ns20:cancellationRequest\"][\"ns20:epTransactionID\"]).to.not.equal('');\ndone();",
                  "err": {},
                  "uuid": "710299f5-e953-4e2f-8ded-69e6628cb95c",
                  "parentUUID": "28e3043c-ed09-4bcd-bd02-b46ed5dc1767",
                  "isHook": false,
                  "skipped": false
                }
              ],
              "suites": [],
              "passes": [
                "33577cd1-36fa-4725-96dc-90806c1036b5",
                "710299f5-e953-4e2f-8ded-69e6628cb95c"
              ],
              "failures": [],
              "pending": [],
              "skipped": [],
              "duration": 5,
              "root": false,
              "rootEmpty": false,
              "_timeout": 2000
            },
            {
              "uuid": "c316000e-1a3d-4d8f-9157-d32400a537e8",
              "title": "Checking the Request CSV - Row No :-2",
              "fullFile": "X:\\Testing\\CancelPayout_UnitTest\\TestCases\\test.js",
              "file": "\\test.js",
              "beforeHooks": [
                {
                  "title": "\"before all\" hook",
                  "fullTitle": "Request Maping Test Cases  Checking the Request CSV - Row No :-2 \"before all\" hook",
                  "timedOut": false,
                  "duration": 0,
                  "state": null,
                  "speed": null,
                  "pass": false,
                  "fail": false,
                  "pending": false,
                  "context": null,
                  "code": "//set the payload\n  requestContent.request_body.payload=data;",
                  "err": {},
                  "uuid": "2a72d1b5-46a0-4a9a-a4f8-e2c5cf2638c6",
                  "parentUUID": "c316000e-1a3d-4d8f-9157-d32400a537e8",
                  "isHook": true,
                  "skipped": false
                }
              ],
              "afterHooks": [],
              "tests": [
                {
                  "title": "Checking ( paymentTrackingId ) field to ns20:epTransactionID",
                  "fullTitle": "Request Maping Test Cases  Checking the Request CSV - Row No :-2 Checking ( paymentTrackingId ) field to ns20:epTransactionID",
                  "timedOut": false,
                  "duration": 1,
                  "state": "passed",
                  "speed": "fast",
                  "pass": true,
                  "fail": false,
                  "pending": false,
                  "context": null,
                  "code": "contextGetVariableMethod.withArgs(\"request.content\").returns(JSON.stringify(requestContent.request_body));\nloadJS(requestMapping);\nvar latestRequest =JSON.parse(contextVars[\"request.content\"]);\nexpect(latestRequest[\"parameters\"][\"ns20:cancellationRequest\"][\"ns20:epTransactionID\"]).to.equal(requestContent.request_body.transactionDetail.paymentTrackingId);\ndone();",
                  "err": {},
                  "uuid": "413d3cc4-890c-4a38-94d2-23ad1191195a",
                  "parentUUID": "c316000e-1a3d-4d8f-9157-d32400a537e8",
                  "isHook": false,
                  "skipped": false
                },
                {
                  "title": "Checking ns20:epTransactionID is not null",
                  "fullTitle": "Request Maping Test Cases  Checking the Request CSV - Row No :-2 Checking ns20:epTransactionID is not null",
                  "timedOut": false,
                  "duration": 0,
                  "state": "passed",
                  "speed": "fast",
                  "pass": true,
                  "fail": false,
                  "pending": false,
                  "context": null,
                  "code": "contextGetVariableMethod.withArgs(\"request.content\").returns(JSON.stringify(requestContent.request_body));\nloadJS(requestMapping);\nvar latestRequest =JSON.parse(contextVars[\"request.content\"]);\nexpect(latestRequest[\"parameters\"][\"ns20:cancellationRequest\"][\"ns20:epTransactionID\"]).to.not.equal('');\ndone();",
                  "err": {},
                  "uuid": "a1ba9b20-a63a-4cc6-9a85-2fb929784ae4",
                  "parentUUID": "c316000e-1a3d-4d8f-9157-d32400a537e8",
                  "isHook": false,
                  "skipped": false
                }
              ],
              "suites": [],
              "passes": [
                "413d3cc4-890c-4a38-94d2-23ad1191195a",
                "a1ba9b20-a63a-4cc6-9a85-2fb929784ae4"
              ],
              "failures": [],
              "pending": [],
              "skipped": [],
              "duration": 1,
              "root": false,
              "rootEmpty": false,
              "_timeout": 2000
            }
          ],
          "passes": [],
          "failures": [],
          "pending": [],
          "skipped": [],
          "duration": 0,
          "root": false,
          "rootEmpty": false,
          "_timeout": 2000
        },
        {
          "uuid": "da4f1659-f458-4fbf-bc79-11fa1f7911e1",
          "title": "Response Maping of Status= Cancelled ( Test Cases ) - ",
          "fullFile": "X:\\Testing\\CancelPayout_UnitTest\\TestCases\\test.js",
          "file": "\\test.js",
          "beforeHooks": [],
          "afterHooks": [],
          "tests": [],
          "suites": [
            {
              "uuid": "7330f0db-63cb-407f-ae2f-3e1c93169587",
              "title": "Checking Cancelled_Response_CSV - Row No :- 1",
              "fullFile": "X:\\Testing\\CancelPayout_UnitTest\\TestCases\\test.js",
              "file": "\\test.js",
              "beforeHooks": [
                {
                  "title": "\"before all\" hook",
                  "fullTitle": "Response Maping of Status= Cancelled ( Test Cases ) -  Checking Cancelled_Response_CSV - Row No :- 1 \"before all\" hook",
                  "timedOut": false,
                  "duration": 1,
                  "state": null,
                  "speed": null,
                  "pass": false,
                  "fail": false,
                  "pending": false,
                  "context": null,
                  "code": "//set the request payload\n  requestContent.request_body.payload=CancelRequest_JsonData[i];\n//set the response payload\n  responseContent.responseSuccessCancelled.payload=data;",
                  "err": {},
                  "uuid": "756cc27a-839a-42a4-bb53-22f0a6148f48",
                  "parentUUID": "7330f0db-63cb-407f-ae2f-3e1c93169587",
                  "isHook": true,
                  "skipped": false
                }
              ],
              "afterHooks": [],
              "tests": [
                {
                  "title": "Checking originatorDetail.acquiringBIN field ",
                  "fullTitle": "Response Maping of Status= Cancelled ( Test Cases ) -  Checking Cancelled_Response_CSV - Row No :- 1 Checking originatorDetail.acquiringBIN field ",
                  "timedOut": false,
                  "duration": 3,
                  "state": "passed",
                  "speed": "fast",
                  "pass": true,
                  "fail": false,
                  "pending": false,
                  "context": null,
                  "code": "contextGetVariableMethod.withArgs(\"originalRequest\").returns(JSON.stringify(requestContent.request_body));\ncontextGetVariableMethod.withArgs(\"response.content\").returns(JSON.stringify(responseContent.responseSuccessCancelled));\nloadJS(responseMapping);\nvar latestRequest =JSON.parse(contextVars[\"response.content\"]);\nexpect(latestRequest[\"originatorDetail\"][\"acquiringBIN\"]).to.equal(requestContent.request_body.originatorDetail.acquiringBIN);\ndone();",
                  "err": {},
                  "uuid": "7b7071be-5558-420f-987f-08135bf11045",
                  "parentUUID": "7330f0db-63cb-407f-ae2f-3e1c93169587",
                  "isHook": false,
                  "skipped": false
                },
                {
                  "title": "Checking originatorDetail.merchantId field ",
                  "fullTitle": "Response Maping of Status= Cancelled ( Test Cases ) -  Checking Cancelled_Response_CSV - Row No :- 1 Checking originatorDetail.merchantId field ",
                  "timedOut": false,
                  "duration": 1,
                  "state": "passed",
                  "speed": "fast",
                  "pass": true,
                  "fail": false,
                  "pending": false,
                  "context": null,
                  "code": "contextGetVariableMethod.withArgs(\"originalRequest\").returns(JSON.stringify(requestContent.request_body));\ncontextGetVariableMethod.withArgs(\"response.content\").returns(JSON.stringify(responseContent.responseSuccessCancelled));\nloadJS(responseMapping);\nvar latestRequest =JSON.parse(contextVars[\"response.content\"]);\nexpect(latestRequest[\"originatorDetail\"][\"merchantId\"]).to.equal(requestContent.request_body.originatorDetail.merchantId);\ndone();",
                  "err": {},
                  "uuid": "7a451bae-8570-4261-8445-bd2ecca19e93",
                  "parentUUID": "7330f0db-63cb-407f-ae2f-3e1c93169587",
                  "isHook": false,
                  "skipped": false
                },
                {
                  "title": "Checking transactionDetail.retrievalReferenceNumber field ",
                  "fullTitle": "Response Maping of Status= Cancelled ( Test Cases ) -  Checking Cancelled_Response_CSV - Row No :- 1 Checking transactionDetail.retrievalReferenceNumber field ",
                  "timedOut": false,
                  "duration": 1,
                  "state": "passed",
                  "speed": "fast",
                  "pass": true,
                  "fail": false,
                  "pending": false,
                  "context": null,
                  "code": "contextGetVariableMethod.withArgs(\"originalRequest\").returns(JSON.stringify(requestContent.request_body));\ncontextGetVariableMethod.withArgs(\"response.content\").returns(JSON.stringify(responseContent.responseSuccessCancelled));\nloadJS(responseMapping);\nvar latestRequest =JSON.parse(contextVars[\"response.content\"]);\nexpect(latestRequest[\"transactionDetail\"][\"retrievalReferenceNumber\"]).to.equal(requestContent.request_body.transactionDetail.retrievalReferenceNumber);\ndone();",
                  "err": {},
                  "uuid": "dffc921f-5c59-411a-adc4-1329bc2e39a4",
                  "parentUUID": "7330f0db-63cb-407f-ae2f-3e1c93169587",
                  "isHook": false,
                  "skipped": false
                },
                {
                  "title": "Checking transactionDetail.systemTraceAuditNumber field ",
                  "fullTitle": "Response Maping of Status= Cancelled ( Test Cases ) -  Checking Cancelled_Response_CSV - Row No :- 1 Checking transactionDetail.systemTraceAuditNumber field ",
                  "timedOut": false,
                  "duration": 0,
                  "state": "passed",
                  "speed": "fast",
                  "pass": true,
                  "fail": false,
                  "pending": false,
                  "context": null,
                  "code": "contextGetVariableMethod.withArgs(\"originalRequest\").returns(JSON.stringify(requestContent.request_body));\ncontextGetVariableMethod.withArgs(\"response.content\").returns(JSON.stringify(responseContent.responseSuccessCancelled));\nloadJS(responseMapping);\nvar latestRequest =JSON.parse(contextVars[\"response.content\"]);\nexpect(latestRequest[\"transactionDetail\"][\"systemTraceAuditNumber\"]).to.equal(requestContent.request_body.transactionDetail.systemTraceAuditNumber);\ndone();",
                  "err": {},
                  "uuid": "b1612324-5d8c-4424-81ef-f1f6c95cee61",
                  "parentUUID": "7330f0db-63cb-407f-ae2f-3e1c93169587",
                  "isHook": false,
                  "skipped": false
                },
                {
                  "title": "Checking transactionDetail.transmissionDateTime field ",
                  "fullTitle": "Response Maping of Status= Cancelled ( Test Cases ) -  Checking Cancelled_Response_CSV - Row No :- 1 Checking transactionDetail.transmissionDateTime field ",
                  "timedOut": false,
                  "duration": 1,
                  "state": "passed",
                  "speed": "fast",
                  "pass": true,
                  "fail": false,
                  "pending": false,
                  "context": null,
                  "code": "contextGetVariableMethod.withArgs(\"originalRequest\").returns(JSON.stringify(requestContent.request_body));\ncontextGetVariableMethod.withArgs(\"response.content\").returns(JSON.stringify(responseContent.responseSuccessCancelled));\nloadJS(responseMapping);\nvar latestRequest =JSON.parse(contextVars[\"response.content\"]);\nexpect(latestRequest[\"transactionDetail\"][\"transmissionDateTime\"]).to.equal(requestContent.request_body.transactionDetail.transmissionDateTime);\ndone();",
                  "err": {},
                  "uuid": "6ffb773d-a829-4d7b-814e-cfb0dd1f2416",
                  "parentUUID": "7330f0db-63cb-407f-ae2f-3e1c93169587",
                  "isHook": false,
                  "skipped": false
                },
                {
                  "title": "Checking transactionDetail.paymentTrackingId field ",
                  "fullTitle": "Response Maping of Status= Cancelled ( Test Cases ) -  Checking Cancelled_Response_CSV - Row No :- 1 Checking transactionDetail.paymentTrackingId field ",
                  "timedOut": false,
                  "duration": 0,
                  "state": "passed",
                  "speed": "fast",
                  "pass": true,
                  "fail": false,
                  "pending": false,
                  "context": null,
                  "code": "contextGetVariableMethod.withArgs(\"originalRequest\").returns(JSON.stringify(requestContent.request_body));\ncontextGetVariableMethod.withArgs(\"response.content\").returns(JSON.stringify(responseContent.responseSuccessCancelled));\nloadJS(responseMapping);\nvar latestRequest =JSON.parse(contextVars[\"response.content\"]);\nexpect(latestRequest[\"transactionDetail\"][\"paymentTrackingId\"]).to.equal(requestContent.request_body.transactionDetail.paymentTrackingId);\ndone();",
                  "err": {},
                  "uuid": "17f5edeb-d1d8-4c79-ac2a-e36e070e2fee",
                  "parentUUID": "7330f0db-63cb-407f-ae2f-3e1c93169587",
                  "isHook": false,
                  "skipped": false
                },
                {
                  "title": "Checking transactionDetail.status field ",
                  "fullTitle": "Response Maping of Status= Cancelled ( Test Cases ) -  Checking Cancelled_Response_CSV - Row No :- 1 Checking transactionDetail.status field ",
                  "timedOut": false,
                  "duration": 1,
                  "state": "passed",
                  "speed": "fast",
                  "pass": true,
                  "fail": false,
                  "pending": false,
                  "context": null,
                  "code": "contextGetVariableMethod.withArgs(\"originalRequest\").returns(JSON.stringify(requestContent.request_body));\ncontextGetVariableMethod.withArgs(\"response.content\").returns(JSON.stringify(responseContent.responseSuccessCancelled));\nloadJS(responseMapping);\nvar latestRequest =JSON.parse(contextVars[\"response.content\"]);\nexpect(latestRequest[\"transactionDetail\"][\"status\"]).to.equal(\"Cancelled\");\ndone();",
                  "err": {},
                  "uuid": "3285fd73-92af-4d2e-897a-7d036b2d4311",
                  "parentUUID": "7330f0db-63cb-407f-ae2f-3e1c93169587",
                  "isHook": false,
                  "skipped": false
                }
              ],
              "suites": [],
              "passes": [
                "7b7071be-5558-420f-987f-08135bf11045",
                "7a451bae-8570-4261-8445-bd2ecca19e93",
                "dffc921f-5c59-411a-adc4-1329bc2e39a4",
                "b1612324-5d8c-4424-81ef-f1f6c95cee61",
                "6ffb773d-a829-4d7b-814e-cfb0dd1f2416",
                "17f5edeb-d1d8-4c79-ac2a-e36e070e2fee",
                "3285fd73-92af-4d2e-897a-7d036b2d4311"
              ],
              "failures": [],
              "pending": [],
              "skipped": [],
              "duration": 7,
              "root": false,
              "rootEmpty": false,
              "_timeout": 2000
            },
            {
              "uuid": "f4f6554b-3671-40ab-ac7d-38297f0e553e",
              "title": "Checking Cancelled_Response_CSV - Row No :- 2",
              "fullFile": "X:\\Testing\\CancelPayout_UnitTest\\TestCases\\test.js",
              "file": "\\test.js",
              "beforeHooks": [
                {
                  "title": "\"before all\" hook",
                  "fullTitle": "Response Maping of Status= Cancelled ( Test Cases ) -  Checking Cancelled_Response_CSV - Row No :- 2 \"before all\" hook",
                  "timedOut": false,
                  "duration": 0,
                  "state": null,
                  "speed": null,
                  "pass": false,
                  "fail": false,
                  "pending": false,
                  "context": null,
                  "code": "//set the request payload\n  requestContent.request_body.payload=CancelRequest_JsonData[i];\n//set the response payload\n  responseContent.responseSuccessCancelled.payload=data;",
                  "err": {},
                  "uuid": "e7dd8e47-94cb-4be8-b6ca-7d6198a00240",
                  "parentUUID": "f4f6554b-3671-40ab-ac7d-38297f0e553e",
                  "isHook": true,
                  "skipped": false
                }
              ],
              "afterHooks": [],
              "tests": [
                {
                  "title": "Checking originatorDetail.acquiringBIN field ",
                  "fullTitle": "Response Maping of Status= Cancelled ( Test Cases ) -  Checking Cancelled_Response_CSV - Row No :- 2 Checking originatorDetail.acquiringBIN field ",
                  "timedOut": false,
                  "duration": 0,
                  "state": "passed",
                  "speed": "fast",
                  "pass": true,
                  "fail": false,
                  "pending": false,
                  "context": null,
                  "code": "contextGetVariableMethod.withArgs(\"originalRequest\").returns(JSON.stringify(requestContent.request_body));\ncontextGetVariableMethod.withArgs(\"response.content\").returns(JSON.stringify(responseContent.responseSuccessCancelled));\nloadJS(responseMapping);\nvar latestRequest =JSON.parse(contextVars[\"response.content\"]);\nexpect(latestRequest[\"originatorDetail\"][\"acquiringBIN\"]).to.equal(requestContent.request_body.originatorDetail.acquiringBIN);\ndone();",
                  "err": {},
                  "uuid": "6baf515e-09e0-4ca2-937c-cc1602c0b560",
                  "parentUUID": "f4f6554b-3671-40ab-ac7d-38297f0e553e",
                  "isHook": false,
                  "skipped": false
                },
                {
                  "title": "Checking originatorDetail.merchantId field ",
                  "fullTitle": "Response Maping of Status= Cancelled ( Test Cases ) -  Checking Cancelled_Response_CSV - Row No :- 2 Checking originatorDetail.merchantId field ",
                  "timedOut": false,
                  "duration": 1,
                  "state": "passed",
                  "speed": "fast",
                  "pass": true,
                  "fail": false,
                  "pending": false,
                  "context": null,
                  "code": "contextGetVariableMethod.withArgs(\"originalRequest\").returns(JSON.stringify(requestContent.request_body));\ncontextGetVariableMethod.withArgs(\"response.content\").returns(JSON.stringify(responseContent.responseSuccessCancelled));\nloadJS(responseMapping);\nvar latestRequest =JSON.parse(contextVars[\"response.content\"]);\nexpect(latestRequest[\"originatorDetail\"][\"merchantId\"]).to.equal(requestContent.request_body.originatorDetail.merchantId);\ndone();",
                  "err": {},
                  "uuid": "3e4ac4fc-9fe4-4453-aeb7-63197b2cb0be",
                  "parentUUID": "f4f6554b-3671-40ab-ac7d-38297f0e553e",
                  "isHook": false,
                  "skipped": false
                },
                {
                  "title": "Checking transactionDetail.retrievalReferenceNumber field ",
                  "fullTitle": "Response Maping of Status= Cancelled ( Test Cases ) -  Checking Cancelled_Response_CSV - Row No :- 2 Checking transactionDetail.retrievalReferenceNumber field ",
                  "timedOut": false,
                  "duration": 0,
                  "state": "passed",
                  "speed": "fast",
                  "pass": true,
                  "fail": false,
                  "pending": false,
                  "context": null,
                  "code": "contextGetVariableMethod.withArgs(\"originalRequest\").returns(JSON.stringify(requestContent.request_body));\ncontextGetVariableMethod.withArgs(\"response.content\").returns(JSON.stringify(responseContent.responseSuccessCancelled));\nloadJS(responseMapping);\nvar latestRequest =JSON.parse(contextVars[\"response.content\"]);\nexpect(latestRequest[\"transactionDetail\"][\"retrievalReferenceNumber\"]).to.equal(requestContent.request_body.transactionDetail.retrievalReferenceNumber);\ndone();",
                  "err": {},
                  "uuid": "5a9e7814-5d69-4f39-8b02-f7ad1cb5d4cc",
                  "parentUUID": "f4f6554b-3671-40ab-ac7d-38297f0e553e",
                  "isHook": false,
                  "skipped": false
                },
                {
                  "title": "Checking transactionDetail.systemTraceAuditNumber field ",
                  "fullTitle": "Response Maping of Status= Cancelled ( Test Cases ) -  Checking Cancelled_Response_CSV - Row No :- 2 Checking transactionDetail.systemTraceAuditNumber field ",
                  "timedOut": false,
                  "duration": 1,
                  "state": "passed",
                  "speed": "fast",
                  "pass": true,
                  "fail": false,
                  "pending": false,
                  "context": null,
                  "code": "contextGetVariableMethod.withArgs(\"originalRequest\").returns(JSON.stringify(requestContent.request_body));\ncontextGetVariableMethod.withArgs(\"response.content\").returns(JSON.stringify(responseContent.responseSuccessCancelled));\nloadJS(responseMapping);\nvar latestRequest =JSON.parse(contextVars[\"response.content\"]);\nexpect(latestRequest[\"transactionDetail\"][\"systemTraceAuditNumber\"]).to.equal(requestContent.request_body.transactionDetail.systemTraceAuditNumber);\ndone();",
                  "err": {},
                  "uuid": "3617c736-38bf-4902-aa62-f12c13ac504a",
                  "parentUUID": "f4f6554b-3671-40ab-ac7d-38297f0e553e",
                  "isHook": false,
                  "skipped": false
                },
                {
                  "title": "Checking transactionDetail.transmissionDateTime field ",
                  "fullTitle": "Response Maping of Status= Cancelled ( Test Cases ) -  Checking Cancelled_Response_CSV - Row No :- 2 Checking transactionDetail.transmissionDateTime field ",
                  "timedOut": false,
                  "duration": 1,
                  "state": "passed",
                  "speed": "fast",
                  "pass": true,
                  "fail": false,
                  "pending": false,
                  "context": null,
                  "code": "contextGetVariableMethod.withArgs(\"originalRequest\").returns(JSON.stringify(requestContent.request_body));\ncontextGetVariableMethod.withArgs(\"response.content\").returns(JSON.stringify(responseContent.responseSuccessCancelled));\nloadJS(responseMapping);\nvar latestRequest =JSON.parse(contextVars[\"response.content\"]);\nexpect(latestRequest[\"transactionDetail\"][\"transmissionDateTime\"]).to.equal(requestContent.request_body.transactionDetail.transmissionDateTime);\ndone();",
                  "err": {},
                  "uuid": "60a5c1b3-0e0f-4dd1-8f7c-21530e851ebd",
                  "parentUUID": "f4f6554b-3671-40ab-ac7d-38297f0e553e",
                  "isHook": false,
                  "skipped": false
                },
                {
                  "title": "Checking transactionDetail.paymentTrackingId field ",
                  "fullTitle": "Response Maping of Status= Cancelled ( Test Cases ) -  Checking Cancelled_Response_CSV - Row No :- 2 Checking transactionDetail.paymentTrackingId field ",
                  "timedOut": false,
                  "duration": 1,
                  "state": "passed",
                  "speed": "fast",
                  "pass": true,
                  "fail": false,
                  "pending": false,
                  "context": null,
                  "code": "contextGetVariableMethod.withArgs(\"originalRequest\").returns(JSON.stringify(requestContent.request_body));\ncontextGetVariableMethod.withArgs(\"response.content\").returns(JSON.stringify(responseContent.responseSuccessCancelled));\nloadJS(responseMapping);\nvar latestRequest =JSON.parse(contextVars[\"response.content\"]);\nexpect(latestRequest[\"transactionDetail\"][\"paymentTrackingId\"]).to.equal(requestContent.request_body.transactionDetail.paymentTrackingId);\ndone();",
                  "err": {},
                  "uuid": "c1ece5f4-27ac-46af-80b7-42228964a9b8",
                  "parentUUID": "f4f6554b-3671-40ab-ac7d-38297f0e553e",
                  "isHook": false,
                  "skipped": false
                },
                {
                  "title": "Checking transactionDetail.status field ",
                  "fullTitle": "Response Maping of Status= Cancelled ( Test Cases ) -  Checking Cancelled_Response_CSV - Row No :- 2 Checking transactionDetail.status field ",
                  "timedOut": false,
                  "duration": 1,
                  "state": "passed",
                  "speed": "fast",
                  "pass": true,
                  "fail": false,
                  "pending": false,
                  "context": null,
                  "code": "contextGetVariableMethod.withArgs(\"originalRequest\").returns(JSON.stringify(requestContent.request_body));\ncontextGetVariableMethod.withArgs(\"response.content\").returns(JSON.stringify(responseContent.responseSuccessCancelled));\nloadJS(responseMapping);\nvar latestRequest =JSON.parse(contextVars[\"response.content\"]);\nexpect(latestRequest[\"transactionDetail\"][\"status\"]).to.equal(\"Cancelled\");\ndone();",
                  "err": {},
                  "uuid": "5a624481-e8c1-44fd-9b12-a732d319fc38",
                  "parentUUID": "f4f6554b-3671-40ab-ac7d-38297f0e553e",
                  "isHook": false,
                  "skipped": false
                }
              ],
              "suites": [],
              "passes": [
                "6baf515e-09e0-4ca2-937c-cc1602c0b560",
                "3e4ac4fc-9fe4-4453-aeb7-63197b2cb0be",
                "5a9e7814-5d69-4f39-8b02-f7ad1cb5d4cc",
                "3617c736-38bf-4902-aa62-f12c13ac504a",
                "60a5c1b3-0e0f-4dd1-8f7c-21530e851ebd",
                "c1ece5f4-27ac-46af-80b7-42228964a9b8",
                "5a624481-e8c1-44fd-9b12-a732d319fc38"
              ],
              "failures": [],
              "pending": [],
              "skipped": [],
              "duration": 5,
              "root": false,
              "rootEmpty": false,
              "_timeout": 2000
            }
          ],
          "passes": [],
          "failures": [],
          "pending": [],
          "skipped": [],
          "duration": 0,
          "root": false,
          "rootEmpty": false,
          "_timeout": 2000
        },
        {
          "uuid": "cf9f7f7d-1afe-45b2-8d82-b4e518d8a25e",
          "title": "Response Maping of Status= PendingCancellation ( Test Cases ) - ",
          "fullFile": "X:\\Testing\\CancelPayout_UnitTest\\TestCases\\test.js",
          "file": "\\test.js",
          "beforeHooks": [],
          "afterHooks": [],
          "tests": [],
          "suites": [
            {
              "uuid": "3ecd9d81-766a-4be4-bbab-9eaa8d5f5f30",
              "title": "Checking PendingCancellation_Response_CSV - Row No :- 1",
              "fullFile": "X:\\Testing\\CancelPayout_UnitTest\\TestCases\\test.js",
              "file": "\\test.js",
              "beforeHooks": [
                {
                  "title": "\"before all\" hook",
                  "fullTitle": "Response Maping of Status= PendingCancellation ( Test Cases ) -  Checking PendingCancellation_Response_CSV - Row No :- 1 \"before all\" hook",
                  "timedOut": false,
                  "duration": 0,
                  "state": null,
                  "speed": null,
                  "pass": false,
                  "fail": false,
                  "pending": false,
                  "context": null,
                  "code": "//set the request payload\n  requestContent.request_body.payload=CancelRequest_JsonData[i];\n//set the response payload\n  responseContent.responsePendingCancellation.payload=data;",
                  "err": {},
                  "uuid": "c9daecc1-2b19-4e50-8af3-69966aba686a",
                  "parentUUID": "3ecd9d81-766a-4be4-bbab-9eaa8d5f5f30",
                  "isHook": true,
                  "skipped": false
                }
              ],
              "afterHooks": [],
              "tests": [
                {
                  "title": "Checking originatorDetail.acquiringBIN field ",
                  "fullTitle": "Response Maping of Status= PendingCancellation ( Test Cases ) -  Checking PendingCancellation_Response_CSV - Row No :- 1 Checking originatorDetail.acquiringBIN field ",
                  "timedOut": false,
                  "duration": 2,
                  "state": "passed",
                  "speed": "fast",
                  "pass": true,
                  "fail": false,
                  "pending": false,
                  "context": null,
                  "code": "contextGetVariableMethod.withArgs(\"originalRequest\").returns(JSON.stringify(requestContent.request_body));\ncontextGetVariableMethod.withArgs(\"response.content\").returns(JSON.stringify(responseContent.responsePendingCancellation));\nloadJS(responseMapping);\nvar latestRequest =JSON.parse(contextVars[\"response.content\"]);\nexpect(latestRequest[\"originatorDetail\"][\"acquiringBIN\"]).to.equal(requestContent.request_body.originatorDetail.acquiringBIN);\ndone();",
                  "err": {},
                  "uuid": "e800e3ca-52d6-4d33-b03f-61bd76a91238",
                  "parentUUID": "3ecd9d81-766a-4be4-bbab-9eaa8d5f5f30",
                  "isHook": false,
                  "skipped": false
                },
                {
                  "title": "Checking originatorDetail.merchantId field ",
                  "fullTitle": "Response Maping of Status= PendingCancellation ( Test Cases ) -  Checking PendingCancellation_Response_CSV - Row No :- 1 Checking originatorDetail.merchantId field ",
                  "timedOut": false,
                  "duration": 2,
                  "state": "passed",
                  "speed": "fast",
                  "pass": true,
                  "fail": false,
                  "pending": false,
                  "context": null,
                  "code": "contextGetVariableMethod.withArgs(\"originalRequest\").returns(JSON.stringify(requestContent.request_body));\ncontextGetVariableMethod.withArgs(\"response.content\").returns(JSON.stringify(responseContent.responsePendingCancellation));\nloadJS(responseMapping);\nvar latestRequest =JSON.parse(contextVars[\"response.content\"]);\nexpect(latestRequest[\"originatorDetail\"][\"merchantId\"]).to.equal(requestContent.request_body.originatorDetail.merchantId);\ndone();",
                  "err": {},
                  "uuid": "335294af-c592-476b-928a-c08ac2bf1f41",
                  "parentUUID": "3ecd9d81-766a-4be4-bbab-9eaa8d5f5f30",
                  "isHook": false,
                  "skipped": false
                },
                {
                  "title": "Checking transactionDetail.retrievalReferenceNumber field ",
                  "fullTitle": "Response Maping of Status= PendingCancellation ( Test Cases ) -  Checking PendingCancellation_Response_CSV - Row No :- 1 Checking transactionDetail.retrievalReferenceNumber field ",
                  "timedOut": false,
                  "duration": 2,
                  "state": "passed",
                  "speed": "fast",
                  "pass": true,
                  "fail": false,
                  "pending": false,
                  "context": null,
                  "code": "contextGetVariableMethod.withArgs(\"originalRequest\").returns(JSON.stringify(requestContent.request_body));\ncontextGetVariableMethod.withArgs(\"response.content\").returns(JSON.stringify(responseContent.responsePendingCancellation));\nloadJS(responseMapping);\nvar latestRequest =JSON.parse(contextVars[\"response.content\"]);\nexpect(latestRequest[\"transactionDetail\"][\"retrievalReferenceNumber\"]).to.equal(requestContent.request_body.transactionDetail.retrievalReferenceNumber);\ndone();",
                  "err": {},
                  "uuid": "ccf3d953-4b28-401d-b206-1080a4440b3e",
                  "parentUUID": "3ecd9d81-766a-4be4-bbab-9eaa8d5f5f30",
                  "isHook": false,
                  "skipped": false
                },
                {
                  "title": "Checking transactionDetail.systemTraceAuditNumber field ",
                  "fullTitle": "Response Maping of Status= PendingCancellation ( Test Cases ) -  Checking PendingCancellation_Response_CSV - Row No :- 1 Checking transactionDetail.systemTraceAuditNumber field ",
                  "timedOut": false,
                  "duration": 1,
                  "state": "passed",
                  "speed": "fast",
                  "pass": true,
                  "fail": false,
                  "pending": false,
                  "context": null,
                  "code": "contextGetVariableMethod.withArgs(\"originalRequest\").returns(JSON.stringify(requestContent.request_body));\ncontextGetVariableMethod.withArgs(\"response.content\").returns(JSON.stringify(responseContent.responsePendingCancellation));\nloadJS(responseMapping);\nvar latestRequest =JSON.parse(contextVars[\"response.content\"]);\nexpect(latestRequest[\"transactionDetail\"][\"systemTraceAuditNumber\"]).to.equal(requestContent.request_body.transactionDetail.systemTraceAuditNumber);\ndone();",
                  "err": {},
                  "uuid": "c86190b4-55dd-40a7-98f0-532afba5ee6f",
                  "parentUUID": "3ecd9d81-766a-4be4-bbab-9eaa8d5f5f30",
                  "isHook": false,
                  "skipped": false
                },
                {
                  "title": "Checking transactionDetail.transmissionDateTime field ",
                  "fullTitle": "Response Maping of Status= PendingCancellation ( Test Cases ) -  Checking PendingCancellation_Response_CSV - Row No :- 1 Checking transactionDetail.transmissionDateTime field ",
                  "timedOut": false,
                  "duration": 0,
                  "state": "passed",
                  "speed": "fast",
                  "pass": true,
                  "fail": false,
                  "pending": false,
                  "context": null,
                  "code": "contextGetVariableMethod.withArgs(\"originalRequest\").returns(JSON.stringify(requestContent.request_body));\ncontextGetVariableMethod.withArgs(\"response.content\").returns(JSON.stringify(responseContent.responsePendingCancellation));\nloadJS(responseMapping);\nvar latestRequest =JSON.parse(contextVars[\"response.content\"]);\nexpect(latestRequest[\"transactionDetail\"][\"transmissionDateTime\"]).to.equal(requestContent.request_body.transactionDetail.transmissionDateTime);\ndone();",
                  "err": {},
                  "uuid": "33283200-3cd6-4e6c-a1d0-b4fc72c972c6",
                  "parentUUID": "3ecd9d81-766a-4be4-bbab-9eaa8d5f5f30",
                  "isHook": false,
                  "skipped": false
                },
                {
                  "title": "Checking transactionDetail.paymentTrackingId field ",
                  "fullTitle": "Response Maping of Status= PendingCancellation ( Test Cases ) -  Checking PendingCancellation_Response_CSV - Row No :- 1 Checking transactionDetail.paymentTrackingId field ",
                  "timedOut": false,
                  "duration": 1,
                  "state": "passed",
                  "speed": "fast",
                  "pass": true,
                  "fail": false,
                  "pending": false,
                  "context": null,
                  "code": "contextGetVariableMethod.withArgs(\"originalRequest\").returns(JSON.stringify(requestContent.request_body));\ncontextGetVariableMethod.withArgs(\"response.content\").returns(JSON.stringify(responseContent.responsePendingCancellation));\nloadJS(responseMapping);\nvar latestRequest =JSON.parse(contextVars[\"response.content\"]);\nexpect(latestRequest[\"transactionDetail\"][\"paymentTrackingId\"]).to.equal(requestContent.request_body.transactionDetail.paymentTrackingId);\ndone();",
                  "err": {},
                  "uuid": "7a41050c-c36c-4631-8126-8d06502389d3",
                  "parentUUID": "3ecd9d81-766a-4be4-bbab-9eaa8d5f5f30",
                  "isHook": false,
                  "skipped": false
                },
                {
                  "title": "Checking transactionDetail.status field ",
                  "fullTitle": "Response Maping of Status= PendingCancellation ( Test Cases ) -  Checking PendingCancellation_Response_CSV - Row No :- 1 Checking transactionDetail.status field ",
                  "timedOut": false,
                  "duration": 1,
                  "state": "passed",
                  "speed": "fast",
                  "pass": true,
                  "fail": false,
                  "pending": false,
                  "context": null,
                  "code": "contextGetVariableMethod.withArgs(\"originalRequest\").returns(JSON.stringify(requestContent.request_body));\ncontextGetVariableMethod.withArgs(\"response.content\").returns(JSON.stringify(responseContent.responsePendingCancellation));\nloadJS(responseMapping);\nvar latestRequest =JSON.parse(contextVars[\"response.content\"]);\nexpect(latestRequest[\"transactionDetail\"][\"status\"]).to.equal(\"PendingCancellation\");\ndone();",
                  "err": {},
                  "uuid": "21433032-0ffd-4f2c-836e-30657bed9299",
                  "parentUUID": "3ecd9d81-766a-4be4-bbab-9eaa8d5f5f30",
                  "isHook": false,
                  "skipped": false
                }
              ],
              "suites": [],
              "passes": [
                "e800e3ca-52d6-4d33-b03f-61bd76a91238",
                "335294af-c592-476b-928a-c08ac2bf1f41",
                "ccf3d953-4b28-401d-b206-1080a4440b3e",
                "c86190b4-55dd-40a7-98f0-532afba5ee6f",
                "33283200-3cd6-4e6c-a1d0-b4fc72c972c6",
                "7a41050c-c36c-4631-8126-8d06502389d3",
                "21433032-0ffd-4f2c-836e-30657bed9299"
              ],
              "failures": [],
              "pending": [],
              "skipped": [],
              "duration": 9,
              "root": false,
              "rootEmpty": false,
              "_timeout": 2000
            },
            {
              "uuid": "ee2c9733-c970-4731-9bef-e71e75412ee4",
              "title": "Checking PendingCancellation_Response_CSV - Row No :- 2",
              "fullFile": "X:\\Testing\\CancelPayout_UnitTest\\TestCases\\test.js",
              "file": "\\test.js",
              "beforeHooks": [
                {
                  "title": "\"before all\" hook",
                  "fullTitle": "Response Maping of Status= PendingCancellation ( Test Cases ) -  Checking PendingCancellation_Response_CSV - Row No :- 2 \"before all\" hook",
                  "timedOut": false,
                  "duration": 0,
                  "state": null,
                  "speed": null,
                  "pass": false,
                  "fail": false,
                  "pending": false,
                  "context": null,
                  "code": "//set the request payload\n  requestContent.request_body.payload=CancelRequest_JsonData[i];\n//set the response payload\n  responseContent.responsePendingCancellation.payload=data;",
                  "err": {},
                  "uuid": "e3250c74-b9c2-465e-8519-794d173ba955",
                  "parentUUID": "ee2c9733-c970-4731-9bef-e71e75412ee4",
                  "isHook": true,
                  "skipped": false
                }
              ],
              "afterHooks": [],
              "tests": [
                {
                  "title": "Checking originatorDetail.acquiringBIN field ",
                  "fullTitle": "Response Maping of Status= PendingCancellation ( Test Cases ) -  Checking PendingCancellation_Response_CSV - Row No :- 2 Checking originatorDetail.acquiringBIN field ",
                  "timedOut": false,
                  "duration": 4,
                  "state": "passed",
                  "speed": "fast",
                  "pass": true,
                  "fail": false,
                  "pending": false,
                  "context": null,
                  "code": "contextGetVariableMethod.withArgs(\"originalRequest\").returns(JSON.stringify(requestContent.request_body));\ncontextGetVariableMethod.withArgs(\"response.content\").returns(JSON.stringify(responseContent.responsePendingCancellation));\nloadJS(responseMapping);\nvar latestRequest =JSON.parse(contextVars[\"response.content\"]);\nexpect(latestRequest[\"originatorDetail\"][\"acquiringBIN\"]).to.equal(requestContent.request_body.originatorDetail.acquiringBIN);\ndone();",
                  "err": {},
                  "uuid": "a3daf02b-24f6-4c2f-8fbd-5c2995eaef9c",
                  "parentUUID": "ee2c9733-c970-4731-9bef-e71e75412ee4",
                  "isHook": false,
                  "skipped": false
                },
                {
                  "title": "Checking originatorDetail.merchantId field ",
                  "fullTitle": "Response Maping of Status= PendingCancellation ( Test Cases ) -  Checking PendingCancellation_Response_CSV - Row No :- 2 Checking originatorDetail.merchantId field ",
                  "timedOut": false,
                  "duration": 1,
                  "state": "passed",
                  "speed": "fast",
                  "pass": true,
                  "fail": false,
                  "pending": false,
                  "context": null,
                  "code": "contextGetVariableMethod.withArgs(\"originalRequest\").returns(JSON.stringify(requestContent.request_body));\ncontextGetVariableMethod.withArgs(\"response.content\").returns(JSON.stringify(responseContent.responsePendingCancellation));\nloadJS(responseMapping);\nvar latestRequest =JSON.parse(contextVars[\"response.content\"]);\nexpect(latestRequest[\"originatorDetail\"][\"merchantId\"]).to.equal(requestContent.request_body.originatorDetail.merchantId);\ndone();",
                  "err": {},
                  "uuid": "9c88664e-6402-479b-853b-b6f11b871070",
                  "parentUUID": "ee2c9733-c970-4731-9bef-e71e75412ee4",
                  "isHook": false,
                  "skipped": false
                },
                {
                  "title": "Checking transactionDetail.retrievalReferenceNumber field ",
                  "fullTitle": "Response Maping of Status= PendingCancellation ( Test Cases ) -  Checking PendingCancellation_Response_CSV - Row No :- 2 Checking transactionDetail.retrievalReferenceNumber field ",
                  "timedOut": false,
                  "duration": 2,
                  "state": "passed",
                  "speed": "fast",
                  "pass": true,
                  "fail": false,
                  "pending": false,
                  "context": null,
                  "code": "contextGetVariableMethod.withArgs(\"originalRequest\").returns(JSON.stringify(requestContent.request_body));\ncontextGetVariableMethod.withArgs(\"response.content\").returns(JSON.stringify(responseContent.responsePendingCancellation));\nloadJS(responseMapping);\nvar latestRequest =JSON.parse(contextVars[\"response.content\"]);\nexpect(latestRequest[\"transactionDetail\"][\"retrievalReferenceNumber\"]).to.equal(requestContent.request_body.transactionDetail.retrievalReferenceNumber);\ndone();",
                  "err": {},
                  "uuid": "a04a75db-f194-4a79-9cb9-dd5e6ba06f57",
                  "parentUUID": "ee2c9733-c970-4731-9bef-e71e75412ee4",
                  "isHook": false,
                  "skipped": false
                },
                {
                  "title": "Checking transactionDetail.systemTraceAuditNumber field ",
                  "fullTitle": "Response Maping of Status= PendingCancellation ( Test Cases ) -  Checking PendingCancellation_Response_CSV - Row No :- 2 Checking transactionDetail.systemTraceAuditNumber field ",
                  "timedOut": false,
                  "duration": 1,
                  "state": "passed",
                  "speed": "fast",
                  "pass": true,
                  "fail": false,
                  "pending": false,
                  "context": null,
                  "code": "contextGetVariableMethod.withArgs(\"originalRequest\").returns(JSON.stringify(requestContent.request_body));\ncontextGetVariableMethod.withArgs(\"response.content\").returns(JSON.stringify(responseContent.responsePendingCancellation));\nloadJS(responseMapping);\nvar latestRequest =JSON.parse(contextVars[\"response.content\"]);\nexpect(latestRequest[\"transactionDetail\"][\"systemTraceAuditNumber\"]).to.equal(requestContent.request_body.transactionDetail.systemTraceAuditNumber);\ndone();",
                  "err": {},
                  "uuid": "33df3eaf-735d-4a3f-abd2-71aced98ce82",
                  "parentUUID": "ee2c9733-c970-4731-9bef-e71e75412ee4",
                  "isHook": false,
                  "skipped": false
                },
                {
                  "title": "Checking transactionDetail.transmissionDateTime field ",
                  "fullTitle": "Response Maping of Status= PendingCancellation ( Test Cases ) -  Checking PendingCancellation_Response_CSV - Row No :- 2 Checking transactionDetail.transmissionDateTime field ",
                  "timedOut": false,
                  "duration": 1,
                  "state": "passed",
                  "speed": "fast",
                  "pass": true,
                  "fail": false,
                  "pending": false,
                  "context": null,
                  "code": "contextGetVariableMethod.withArgs(\"originalRequest\").returns(JSON.stringify(requestContent.request_body));\ncontextGetVariableMethod.withArgs(\"response.content\").returns(JSON.stringify(responseContent.responsePendingCancellation));\nloadJS(responseMapping);\nvar latestRequest =JSON.parse(contextVars[\"response.content\"]);\nexpect(latestRequest[\"transactionDetail\"][\"transmissionDateTime\"]).to.equal(requestContent.request_body.transactionDetail.transmissionDateTime);\ndone();",
                  "err": {},
                  "uuid": "895828ed-1dd2-494e-8e0a-dbe6430a22c5",
                  "parentUUID": "ee2c9733-c970-4731-9bef-e71e75412ee4",
                  "isHook": false,
                  "skipped": false
                },
                {
                  "title": "Checking transactionDetail.paymentTrackingId field ",
                  "fullTitle": "Response Maping of Status= PendingCancellation ( Test Cases ) -  Checking PendingCancellation_Response_CSV - Row No :- 2 Checking transactionDetail.paymentTrackingId field ",
                  "timedOut": false,
                  "duration": 1,
                  "state": "passed",
                  "speed": "fast",
                  "pass": true,
                  "fail": false,
                  "pending": false,
                  "context": null,
                  "code": "contextGetVariableMethod.withArgs(\"originalRequest\").returns(JSON.stringify(requestContent.request_body));\ncontextGetVariableMethod.withArgs(\"response.content\").returns(JSON.stringify(responseContent.responsePendingCancellation));\nloadJS(responseMapping);\nvar latestRequest =JSON.parse(contextVars[\"response.content\"]);\nexpect(latestRequest[\"transactionDetail\"][\"paymentTrackingId\"]).to.equal(requestContent.request_body.transactionDetail.paymentTrackingId);\ndone();",
                  "err": {},
                  "uuid": "dc310524-0993-4181-b4ee-f2a8ce49e988",
                  "parentUUID": "ee2c9733-c970-4731-9bef-e71e75412ee4",
                  "isHook": false,
                  "skipped": false
                },
                {
                  "title": "Checking transactionDetail.status field ",
                  "fullTitle": "Response Maping of Status= PendingCancellation ( Test Cases ) -  Checking PendingCancellation_Response_CSV - Row No :- 2 Checking transactionDetail.status field ",
                  "timedOut": false,
                  "duration": 1,
                  "state": "passed",
                  "speed": "fast",
                  "pass": true,
                  "fail": false,
                  "pending": false,
                  "context": null,
                  "code": "contextGetVariableMethod.withArgs(\"originalRequest\").returns(JSON.stringify(requestContent.request_body));\ncontextGetVariableMethod.withArgs(\"response.content\").returns(JSON.stringify(responseContent.responsePendingCancellation));\nloadJS(responseMapping);\nvar latestRequest =JSON.parse(contextVars[\"response.content\"]);\nexpect(latestRequest[\"transactionDetail\"][\"status\"]).to.equal(\"PendingCancellation\");\ndone();",
                  "err": {},
                  "uuid": "489e85c3-e355-4882-8b80-4a97d48a308d",
                  "parentUUID": "ee2c9733-c970-4731-9bef-e71e75412ee4",
                  "isHook": false,
                  "skipped": false
                }
              ],
              "suites": [],
              "passes": [
                "a3daf02b-24f6-4c2f-8fbd-5c2995eaef9c",
                "9c88664e-6402-479b-853b-b6f11b871070",
                "a04a75db-f194-4a79-9cb9-dd5e6ba06f57",
                "33df3eaf-735d-4a3f-abd2-71aced98ce82",
                "895828ed-1dd2-494e-8e0a-dbe6430a22c5",
                "dc310524-0993-4181-b4ee-f2a8ce49e988",
                "489e85c3-e355-4882-8b80-4a97d48a308d"
              ],
              "failures": [],
              "pending": [],
              "skipped": [],
              "duration": 11,
              "root": false,
              "rootEmpty": false,
              "_timeout": 2000
            }
          ],
          "passes": [],
          "failures": [],
          "pending": [],
          "skipped": [],
          "duration": 0,
          "root": false,
          "rootEmpty": false,
          "_timeout": 2000
        }
      ],
      "passes": [],
      "failures": [],
      "pending": [],
      "skipped": [],
      "duration": 0,
      "root": true,
      "rootEmpty": true,
      "_timeout": 2000
    }
  ],
  "meta": {
    "mocha": {
      "version": "6.2.2"
    },
    "mochawesome": {
      "options": {
        "quiet": false,
        "reportFilename": "mochawesome",
        "saveHtml": true,
        "saveJson": true,
        "consoleReporter": "spec",
        "useInlineDiffs": false
      },
      "version": "4.1.0"
    },
    "marge": {
      "options": null,
      "version": "4.1.0"
    }
  }
}